2023-12-04 17:41:01 URL:http://mirror.aktkn.sg/kali/dists/kali-rolling/InRelease [41246/41246] -> "/home/terminator/Development/Cloned/Anlinux-Resources/Scripts/Bootstrap/Kali/arm64/var/lib/apt/lists/partial/http.kali.org_kali_dists_kali-rolling_InRelease" [1]
gpgv: Signature made Mon Dec  4 15:08:32 2023 +08
gpgv:                using RSA key 44C6513A8E4FB3D30875F758ED444FF07D8D0BF6
gpgv: Good signature from "Kali Linux Repository <devel@kali.org>"
2023-12-04 17:41:06 URL:http://mirror.aktkn.sg/kali/dists/kali-rolling/main/binary-arm64/Packages.gz [19223034/19223034] -> "/home/terminator/Development/Cloned/Anlinux-Resources/Scripts/Bootstrap/Kali/arm64/var/lib/apt/lists/partial/http.kali.org_kali_dists_kali-rolling_main_binary-arm64_Packages.gz" [1]
2023-12-04 17:41:17 URL:http://mirror.aktkn.sg/kali/pool/main/a/adduser/adduser_3.137_all.deb [139720/139720] -> "/home/terminator/Development/Cloned/Anlinux-Resources/Scripts/Bootstrap/Kali/arm64//var/cache/apt/archives/partial/adduser_3.137_all.deb" [1]
2023-12-04 17:41:18 URL:http://mirror.aktkn.sg/kali/pool/main/a/apt/apt_2.7.6_arm64.deb [1289668/1289668] -> "/home/terminator/Development/Cloned/Anlinux-Resources/Scripts/Bootstrap/Kali/arm64//var/cache/apt/archives/partial/apt_2.7.6_arm64.deb" [1]
2023-12-04 17:41:19 URL:http://mirror.aktkn.sg/kali/pool/main/b/base-files/base-files_2023.4.0_arm64.deb [74184/74184] -> "/home/terminator/Development/Cloned/Anlinux-Resources/Scripts/Bootstrap/Kali/arm64//var/cache/apt/archives/partial/base-files_1%3a2023.4.0_arm64.deb" [1]
2023-12-04 17:41:19 URL:http://mirror.aktkn.sg/kali/pool/main/b/base-passwd/base-passwd_3.6.2_arm64.deb [50216/50216] -> "/home/terminator/Development/Cloned/Anlinux-Resources/Scripts/Bootstrap/Kali/arm64//var/cache/apt/archives/partial/base-passwd_3.6.2_arm64.deb" [1]
2023-12-04 17:41:20 URL:http://mirror.aktkn.sg/kali/pool/main/b/bash/bash_5.2.21-2_arm64.deb [1448064/1448064] -> "/home/terminator/Development/Cloned/Anlinux-Resources/Scripts/Bootstrap/Kali/arm64//var/cache/apt/archives/partial/bash_5.2.21-2_arm64.deb" [1]
2023-12-04 17:41:21 URL:http://mirror.aktkn.sg/kali/pool/main/u/util-linux/bsdutils_2.39.2-6_arm64.deb [97032/97032] -> "/home/terminator/Development/Cloned/Anlinux-Resources/Scripts/Bootstrap/Kali/arm64//var/cache/apt/archives/partial/bsdutils_1%3a2.39.2-6_arm64.deb" [1]
2023-12-04 17:41:22 URL:http://mirror.aktkn.sg/kali/pool/main/b/busybox/busybox-static_1.36.1-5_arm64.deb [830536/830536] -> "/home/terminator/Development/Cloned/Anlinux-Resources/Scripts/Bootstrap/Kali/arm64//var/cache/apt/archives/partial/busybox-static_1%3a1.36.1-5_arm64.deb" [1]
2023-12-04 17:41:23 URL:http://mirror.aktkn.sg/kali/pool/main/c/ca-certificates/ca-certificates_20230311_all.deb [153456/153456] -> "/home/terminator/Development/Cloned/Anlinux-Resources/Scripts/Bootstrap/Kali/arm64//var/cache/apt/archives/partial/ca-certificates_20230311_all.deb" [1]
2023-12-04 17:41:24 URL:http://mirror.aktkn.sg/kali/pool/main/c/coreutils/coreutils_9.1-1_arm64.deb [2815252/2815252] -> "/home/terminator/Development/Cloned/Anlinux-Resources/Scripts/Bootstrap/Kali/arm64//var/cache/apt/archives/partial/coreutils_9.1-1_arm64.deb" [1]
2023-12-04 17:41:25 URL:http://mirror.aktkn.sg/kali/pool/main/d/dash/dash_0.5.12-6_arm64.deb [89020/89020] -> "/home/terminator/Development/Cloned/Anlinux-Resources/Scripts/Bootstrap/Kali/arm64//var/cache/apt/archives/partial/dash_0.5.12-6_arm64.deb" [1]
2023-12-04 17:41:25 URL:http://mirror.aktkn.sg/kali/pool/main/d/debconf/debconf_1.5.82_all.deb [121212/121212] -> "/home/terminator/Development/Cloned/Anlinux-Resources/Scripts/Bootstrap/Kali/arm64//var/cache/apt/archives/partial/debconf_1.5.82_all.deb" [1]
2023-12-04 17:41:26 URL:http://mirror.aktkn.sg/kali/pool/main/d/debian-archive-keyring/debian-archive-keyring_2023.4_all.deb [160732/160732] -> "/home/terminator/Development/Cloned/Anlinux-Resources/Scripts/Bootstrap/Kali/arm64//var/cache/apt/archives/partial/debian-archive-keyring_2023.4_all.deb" [1]
2023-12-04 17:41:27 URL:http://mirror.aktkn.sg/kali/pool/main/d/debianutils/debianutils_5.14_arm64.deb [88296/88296] -> "/home/terminator/Development/Cloned/Anlinux-Resources/Scripts/Bootstrap/Kali/arm64//var/cache/apt/archives/partial/debianutils_5.14_arm64.deb" [1]
2023-12-04 17:41:28 URL:http://mirror.aktkn.sg/kali/pool/main/d/diffutils/diffutils_3.10-1_arm64.deb [367868/367868] -> "/home/terminator/Development/Cloned/Anlinux-Resources/Scripts/Bootstrap/Kali/arm64//var/cache/apt/archives/partial/diffutils_1%3a3.10-1_arm64.deb" [1]
2023-12-04 17:41:29 URL:http://mirror.aktkn.sg/kali/pool/main/g/gnupg2/dirmngr_2.2.40-1.1_arm64.deb [769820/769820] -> "/home/terminator/Development/Cloned/Anlinux-Resources/Scripts/Bootstrap/Kali/arm64//var/cache/apt/archives/partial/dirmngr_2.2.40-1.1_arm64.deb" [1]
2023-12-04 17:41:29 URL:http://mirror.aktkn.sg/kali/pool/main/l/lvm2/dmsetup_1.02.185-2_arm64.deb [75212/75212] -> "/home/terminator/Development/Cloned/Anlinux-Resources/Scripts/Bootstrap/Kali/arm64//var/cache/apt/archives/partial/dmsetup_2%3a1.02.185-2_arm64.deb" [1]
2023-12-04 17:41:30 URL:http://mirror.aktkn.sg/kali/pool/main/d/dpkg/dpkg_1.22.1+kali1_arm64.deb [1546212/1546212] -> "/home/terminator/Development/Cloned/Anlinux-Resources/Scripts/Bootstrap/Kali/arm64//var/cache/apt/archives/partial/dpkg_1.22.1+kali1_arm64.deb" [1]
2023-12-04 17:41:31 URL:http://mirror.aktkn.sg/kali/pool/main/e/e2fsprogs/e2fsprogs_1.47.0-2+b1_arm64.deb [545688/545688] -> "/home/terminator/Development/Cloned/Anlinux-Resources/Scripts/Bootstrap/Kali/arm64//var/cache/apt/archives/partial/e2fsprogs_1.47.0-2+b1_arm64.deb" [1]
2023-12-04 17:41:32 URL:http://mirror.aktkn.sg/kali/pool/main/f/findutils/findutils_4.9.0-5_arm64.deb [630696/630696] -> "/home/terminator/Development/Cloned/Anlinux-Resources/Scripts/Bootstrap/Kali/arm64//var/cache/apt/archives/partial/findutils_4.9.0-5_arm64.deb" [1]
2023-12-04 17:41:33 URL:http://mirror.aktkn.sg/kali/pool/main/g/gcc-13/gcc-13-base_13.2.0-5_arm64.deb [40364/40364] -> "/home/terminator/Development/Cloned/Anlinux-Resources/Scripts/Bootstrap/Kali/arm64//var/cache/apt/archives/partial/gcc-13-base_13.2.0-5_arm64.deb" [1]
2023-12-04 17:41:34 URL:http://mirror.aktkn.sg/kali/pool/main/g/gnupg2/gnupg_2.2.40-1.1_all.deb [845768/845768] -> "/home/terminator/Development/Cloned/Anlinux-Resources/Scripts/Bootstrap/Kali/arm64//var/cache/apt/archives/partial/gnupg_2.2.40-1.1_all.deb" [1]
2023-12-04 17:41:35 URL:http://mirror.aktkn.sg/kali/pool/main/g/gnupg2/gnupg-l10n_2.2.40-1.1_all.deb [1092852/1092852] -> "/home/terminator/Development/Cloned/Anlinux-Resources/Scripts/Bootstrap/Kali/arm64//var/cache/apt/archives/partial/gnupg-l10n_2.2.40-1.1_all.deb" [1]
2023-12-04 17:41:35 URL:http://mirror.aktkn.sg/kali/pool/main/g/gnupg2/gnupg-utils_2.2.40-1.1_arm64.deb [880016/880016] -> "/home/terminator/Development/Cloned/Anlinux-Resources/Scripts/Bootstrap/Kali/arm64//var/cache/apt/archives/partial/gnupg-utils_2.2.40-1.1_arm64.deb" [1]
2023-12-04 17:41:36 URL:http://mirror.aktkn.sg/kali/pool/main/g/gnupg2/gpg_2.2.40-1.1_arm64.deb [902848/902848] -> "/home/terminator/Development/Cloned/Anlinux-Resources/Scripts/Bootstrap/Kali/arm64//var/cache/apt/archives/partial/gpg_2.2.40-1.1_arm64.deb" [1]
2023-12-04 17:41:37 URL:http://mirror.aktkn.sg/kali/pool/main/g/gnupg2/gpg-agent_2.2.40-1.1_arm64.deb [673032/673032] -> "/home/terminator/Development/Cloned/Anlinux-Resources/Scripts/Bootstrap/Kali/arm64//var/cache/apt/archives/partial/gpg-agent_2.2.40-1.1_arm64.deb" [1]
2023-12-04 17:41:38 URL:http://mirror.aktkn.sg/kali/pool/main/g/gnupg2/gpg-wks-client_2.2.40-1.1_arm64.deb [532364/532364] -> "/home/terminator/Development/Cloned/Anlinux-Resources/Scripts/Bootstrap/Kali/arm64//var/cache/apt/archives/partial/gpg-wks-client_2.2.40-1.1_arm64.deb" [1]
2023-12-04 17:41:39 URL:http://mirror.aktkn.sg/kali/pool/main/g/gnupg2/gpg-wks-server_2.2.40-1.1_arm64.deb [524448/524448] -> "/home/terminator/Development/Cloned/Anlinux-Resources/Scripts/Bootstrap/Kali/arm64//var/cache/apt/archives/partial/gpg-wks-server_2.2.40-1.1_arm64.deb" [1]
2023-12-04 17:41:40 URL:http://mirror.aktkn.sg/kali/pool/main/g/gnupg2/gpgconf_2.2.40-1.1_arm64.deb [556796/556796] -> "/home/terminator/Development/Cloned/Anlinux-Resources/Scripts/Bootstrap/Kali/arm64//var/cache/apt/archives/partial/gpgconf_2.2.40-1.1_arm64.deb" [1]
2023-12-04 17:41:41 URL:http://mirror.aktkn.sg/kali/pool/main/g/gnupg2/gpgsm_2.2.40-1.1_arm64.deb [650724/650724] -> "/home/terminator/Development/Cloned/Anlinux-Resources/Scripts/Bootstrap/Kali/arm64//var/cache/apt/archives/partial/gpgsm_2.2.40-1.1_arm64.deb" [1]
2023-12-04 17:41:42 URL:http://mirror.aktkn.sg/kali/pool/main/g/gnupg2/gpgv_2.2.40-1.1_arm64.deb [628792/628792] -> "/home/terminator/Development/Cloned/Anlinux-Resources/Scripts/Bootstrap/Kali/arm64//var/cache/apt/archives/partial/gpgv_2.2.40-1.1_arm64.deb" [1]
2023-12-04 17:41:42 URL:http://mirror.aktkn.sg/kali/pool/main/g/grep/grep_3.11-3_arm64.deb [422316/422316] -> "/home/terminator/Development/Cloned/Anlinux-Resources/Scripts/Bootstrap/Kali/arm64//var/cache/apt/archives/partial/grep_3.11-3_arm64.deb" [1]
2023-12-04 17:41:43 URL:http://mirror.aktkn.sg/kali/pool/main/g/gzip/gzip_1.12-1_arm64.deb [137556/137556] -> "/home/terminator/Development/Cloned/Anlinux-Resources/Scripts/Bootstrap/Kali/arm64//var/cache/apt/archives/partial/gzip_1.12-1_arm64.deb" [1]
2023-12-04 17:41:44 URL:http://mirror.aktkn.sg/kali/pool/main/h/hostname/hostname_3.23+nmu1_arm64.deb [10404/10404] -> "/home/terminator/Development/Cloned/Anlinux-Resources/Scripts/Bootstrap/Kali/arm64//var/cache/apt/archives/partial/hostname_3.23+nmu1_arm64.deb" [1]
2023-12-04 17:41:45 URL:http://mirror.aktkn.sg/kali/pool/main/i/init-system-helpers/init-system-helpers_1.65.2+kali2_all.deb [40148/40148] -> "/home/terminator/Development/Cloned/Anlinux-Resources/Scripts/Bootstrap/Kali/arm64//var/cache/apt/archives/partial/init-system-helpers_1.65.2+kali2_all.deb" [1]
2023-12-04 17:41:45 URL:http://mirror.aktkn.sg/kali/pool/main/a/acl/libacl1_2.3.1-3_arm64.deb [30768/30768] -> "/home/terminator/Development/Cloned/Anlinux-Resources/Scripts/Bootstrap/Kali/arm64//var/cache/apt/archives/partial/libacl1_2.3.1-3_arm64.deb" [1]
2023-12-04 17:41:46 URL:http://mirror.aktkn.sg/kali/pool/main/a/apparmor/libapparmor1_3.0.12-1+b1_arm64.deb [40912/40912] -> "/home/terminator/Development/Cloned/Anlinux-Resources/Scripts/Bootstrap/Kali/arm64//var/cache/apt/archives/partial/libapparmor1_3.0.12-1+b1_arm64.deb" [1]
2023-12-04 17:41:47 URL:http://mirror.aktkn.sg/kali/pool/main/a/apt/libapt-pkg6.0_2.7.6_arm64.deb [845056/845056] -> "/home/terminator/Development/Cloned/Anlinux-Resources/Scripts/Bootstrap/Kali/arm64//var/cache/apt/archives/partial/libapt-pkg6.0_2.7.6_arm64.deb" [1]
2023-12-04 17:41:48 URL:http://mirror.aktkn.sg/kali/pool/main/a/argon2/libargon2-1_0~20190702+dfsg-4_arm64.deb [20472/20472] -> "/home/terminator/Development/Cloned/Anlinux-Resources/Scripts/Bootstrap/Kali/arm64//var/cache/apt/archives/partial/libargon2-1_0~20190702+dfsg-4_arm64.deb" [1]
2023-12-04 17:41:48 URL:http://mirror.aktkn.sg/kali/pool/main/liba/libassuan/libassuan0_2.5.6-1_arm64.deb [47336/47336] -> "/home/terminator/Development/Cloned/Anlinux-Resources/Scripts/Bootstrap/Kali/arm64//var/cache/apt/archives/partial/libassuan0_2.5.6-1_arm64.deb" [1]
2023-12-04 17:41:49 URL:http://mirror.aktkn.sg/kali/pool/main/a/attr/libattr1_2.5.1-4_arm64.deb [21888/21888] -> "/home/terminator/Development/Cloned/Anlinux-Resources/Scripts/Bootstrap/Kali/arm64//var/cache/apt/archives/partial/libattr1_1%3a2.5.1-4_arm64.deb" [1]
2023-12-04 17:41:50 URL:http://mirror.aktkn.sg/kali/pool/main/a/audit/libaudit-common_3.1.1-1_all.deb [10848/10848] -> "/home/terminator/Development/Cloned/Anlinux-Resources/Scripts/Bootstrap/Kali/arm64//var/cache/apt/archives/partial/libaudit-common_1%3a3.1.1-1_all.deb" [1]
2023-12-04 17:41:50 URL:http://mirror.aktkn.sg/kali/pool/main/a/audit/libaudit1_3.1.1-1_arm64.deb [46616/46616] -> "/home/terminator/Development/Cloned/Anlinux-Resources/Scripts/Bootstrap/Kali/arm64//var/cache/apt/archives/partial/libaudit1_1%3a3.1.1-1_arm64.deb" [1]
2023-12-04 17:41:51 URL:http://mirror.aktkn.sg/kali/pool/main/u/util-linux/libblkid1_2.39.2-6_arm64.deb [154356/154356] -> "/home/terminator/Development/Cloned/Anlinux-Resources/Scripts/Bootstrap/Kali/arm64//var/cache/apt/archives/partial/libblkid1_2.39.2-6_arm64.deb" [1]
2023-12-04 17:41:52 URL:http://mirror.aktkn.sg/kali/pool/main/b/bzip2/libbz2-1.0_1.0.8-5+b1_arm64.deb [47452/47452] -> "/home/terminator/Development/Cloned/Anlinux-Resources/Scripts/Bootstrap/Kali/arm64//var/cache/apt/archives/partial/libbz2-1.0_1.0.8-5+b1_arm64.deb" [1]
2023-12-04 17:41:53 URL:http://mirror.aktkn.sg/kali/pool/main/g/glibc/libc-bin_2.37-12_arm64.deb [525172/525172] -> "/home/terminator/Development/Cloned/Anlinux-Resources/Scripts/Bootstrap/Kali/arm64//var/cache/apt/archives/partial/libc-bin_2.37-12_arm64.deb" [1]
2023-12-04 17:41:54 URL:http://mirror.aktkn.sg/kali/pool/main/g/glibc/libc6_2.37-12_arm64.deb [2325032/2325032] -> "/home/terminator/Development/Cloned/Anlinux-Resources/Scripts/Bootstrap/Kali/arm64//var/cache/apt/archives/partial/libc6_2.37-12_arm64.deb" [1]
2023-12-04 17:41:55 URL:http://mirror.aktkn.sg/kali/pool/main/libc/libcap-ng/libcap-ng0_0.8.3-1+b3_arm64.deb [16428/16428] -> "/home/terminator/Development/Cloned/Anlinux-Resources/Scripts/Bootstrap/Kali/arm64//var/cache/apt/archives/partial/libcap-ng0_0.8.3-1+b3_arm64.deb" [1]
2023-12-04 17:41:55 URL:http://mirror.aktkn.sg/kali/pool/main/libc/libcap2/libcap2_2.66-4_arm64.deb [26092/26092] -> "/home/terminator/Development/Cloned/Anlinux-Resources/Scripts/Bootstrap/Kali/arm64//var/cache/apt/archives/partial/libcap2_1%3a2.66-4_arm64.deb" [1]
2023-12-04 17:41:56 URL:http://mirror.aktkn.sg/kali/pool/main/e/e2fsprogs/libcom-err2_1.47.0-2+b1_arm64.deb [19928/19928] -> "/home/terminator/Development/Cloned/Anlinux-Resources/Scripts/Bootstrap/Kali/arm64//var/cache/apt/archives/partial/libcom-err2_1.47.0-2+b1_arm64.deb" [1]
2023-12-04 17:41:57 URL:http://mirror.aktkn.sg/kali/pool/main/libx/libxcrypt/libcrypt1_4.4.36-2_arm64.deb [90300/90300] -> "/home/terminator/Development/Cloned/Anlinux-Resources/Scripts/Bootstrap/Kali/arm64//var/cache/apt/archives/partial/libcrypt1_1%3a4.4.36-2_arm64.deb" [1]
2023-12-04 17:41:58 URL:http://mirror.aktkn.sg/kali/pool/main/c/cryptsetup/libcryptsetup12_2.6.1-5_arm64.deb [205392/205392] -> "/home/terminator/Development/Cloned/Anlinux-Resources/Scripts/Bootstrap/Kali/arm64//var/cache/apt/archives/partial/libcryptsetup12_2%3a2.6.1-5_arm64.deb" [1]
2023-12-04 17:41:58 URL:http://mirror.aktkn.sg/kali/pool/main/d/db5.3/libdb5.3_5.3.28+dfsg2-4_arm64.deb [624956/624956] -> "/home/terminator/Development/Cloned/Anlinux-Resources/Scripts/Bootstrap/Kali/arm64//var/cache/apt/archives/partial/libdb5.3_5.3.28+dfsg2-4_arm64.deb" [1]
2023-12-04 17:42:04 URL:http://mirror.aktkn.sg/kali/pool/main/c/cdebconf/libdebconfclient0_0.271_arm64.deb [10076/10076] -> "/home/terminator/Development/Cloned/Anlinux-Resources/Scripts/Bootstrap/Kali/arm64//var/cache/apt/archives/partial/libdebconfclient0_0.271_arm64.deb" [1]
2023-12-04 17:42:05 URL:http://mirror.aktkn.sg/kali/pool/main/l/lvm2/libdevmapper1.02.1_1.02.185-2_arm64.deb [115488/115488] -> "/home/terminator/Development/Cloned/Anlinux-Resources/Scripts/Bootstrap/Kali/arm64//var/cache/apt/archives/partial/libdevmapper1.02.1_2%3a1.02.185-2_arm64.deb" [1]
2023-12-04 17:42:06 URL:http://mirror.aktkn.sg/kali/pool/main/e/e2fsprogs/libext2fs2_1.47.0-2+b1_arm64.deb [197452/197452] -> "/home/terminator/Development/Cloned/Anlinux-Resources/Scripts/Bootstrap/Kali/arm64//var/cache/apt/archives/partial/libext2fs2_1.47.0-2+b1_arm64.deb" [1]
2023-12-04 17:42:06 URL:http://mirror.aktkn.sg/kali/pool/main/u/util-linux/libfdisk1_2.39.2-6_arm64.deb [190500/190500] -> "/home/terminator/Development/Cloned/Anlinux-Resources/Scripts/Bootstrap/Kali/arm64//var/cache/apt/archives/partial/libfdisk1_2.39.2-6_arm64.deb" [1]
2023-12-04 17:42:07 URL:http://mirror.aktkn.sg/kali/pool/main/libf/libffi/libffi8_3.4.4-2_arm64.deb [20768/20768] -> "/home/terminator/Development/Cloned/Anlinux-Resources/Scripts/Bootstrap/Kali/arm64//var/cache/apt/archives/partial/libffi8_3.4.4-2_arm64.deb" [1]
2023-12-04 17:42:08 URL:http://mirror.aktkn.sg/kali/pool/main/libf/libfile-find-rule-perl/libfile-find-rule-perl_0.34-3_all.deb [26596/26596] -> "/home/terminator/Development/Cloned/Anlinux-Resources/Scripts/Bootstrap/Kali/arm64//var/cache/apt/archives/partial/libfile-find-rule-perl_0.34-3_all.deb" [1]
2023-12-04 17:42:09 URL:http://mirror.aktkn.sg/kali/pool/main/g/gcc-13/libgcc-s1_13.2.0-5_arm64.deb [40836/40836] -> "/home/terminator/Development/Cloned/Anlinux-Resources/Scripts/Bootstrap/Kali/arm64//var/cache/apt/archives/partial/libgcc-s1_13.2.0-5_arm64.deb" [1]
2023-12-04 17:42:09 URL:http://mirror.aktkn.sg/kali/pool/main/libg/libgcrypt20/libgcrypt20_1.10.2-3_arm64.deb [630296/630296] -> "/home/terminator/Development/Cloned/Anlinux-Resources/Scripts/Bootstrap/Kali/arm64//var/cache/apt/archives/partial/libgcrypt20_1.10.2-3_arm64.deb" [1]
2023-12-04 17:42:10 URL:http://mirror.aktkn.sg/kali/pool/main/g/gdbm/libgdbm-compat4_1.23-5_arm64.deb [48156/48156] -> "/home/terminator/Development/Cloned/Anlinux-Resources/Scripts/Bootstrap/Kali/arm64//var/cache/apt/archives/partial/libgdbm-compat4_1.23-5_arm64.deb" [1]
2023-12-04 17:42:11 URL:http://mirror.aktkn.sg/kali/pool/main/g/gdbm/libgdbm6_1.23-5_arm64.deb [71464/71464] -> "/home/terminator/Development/Cloned/Anlinux-Resources/Scripts/Bootstrap/Kali/arm64//var/cache/apt/archives/partial/libgdbm6_1.23-5_arm64.deb" [1]
2023-12-04 17:42:12 URL:http://mirror.aktkn.sg/kali/pool/main/g/gmp/libgmp10_6.3.0+dfsg-2_arm64.deb [530552/530552] -> "/home/terminator/Development/Cloned/Anlinux-Resources/Scripts/Bootstrap/Kali/arm64//var/cache/apt/archives/partial/libgmp10_2%3a6.3.0+dfsg-2_arm64.deb" [1]
2023-12-04 17:42:13 URL:http://mirror.aktkn.sg/kali/pool/main/g/gnutls28/libgnutls30_3.8.1-4+b1_arm64.deb [1327404/1327404] -> "/home/terminator/Development/Cloned/Anlinux-Resources/Scripts/Bootstrap/Kali/arm64//var/cache/apt/archives/partial/libgnutls30_3.8.1-4+b1_arm64.deb" [1]
2023-12-04 17:42:13 URL:http://mirror.aktkn.sg/kali/pool/main/libg/libgpg-error/libgpg-error0_1.47-3_arm64.deb [74052/74052] -> "/home/terminator/Development/Cloned/Anlinux-Resources/Scripts/Bootstrap/Kali/arm64//var/cache/apt/archives/partial/libgpg-error0_1.47-3_arm64.deb" [1]
2023-12-04 17:42:14 URL:http://mirror.aktkn.sg/kali/pool/main/n/nettle/libhogweed6_3.9.1-2_arm64.deb [322988/322988] -> "/home/terminator/Development/Cloned/Anlinux-Resources/Scripts/Bootstrap/Kali/arm64//var/cache/apt/archives/partial/libhogweed6_3.9.1-2_arm64.deb" [1]
2023-12-04 17:42:15 URL:http://mirror.aktkn.sg/kali/pool/main/libi/libidn2/libidn2-0_2.3.4-1+b1_arm64.deb [123648/123648] -> "/home/terminator/Development/Cloned/Anlinux-Resources/Scripts/Bootstrap/Kali/arm64//var/cache/apt/archives/partial/libidn2-0_2.3.4-1+b1_arm64.deb" [1]
2023-12-04 17:42:16 URL:http://mirror.aktkn.sg/kali/pool/main/i/iptables/libip4tc2_1.8.9-2_arm64.deb [18476/18476] -> "/home/terminator/Development/Cloned/Anlinux-Resources/Scripts/Bootstrap/Kali/arm64//var/cache/apt/archives/partial/libip4tc2_1.8.9-2_arm64.deb" [1]
2023-12-04 17:42:19 URL:http://mirror.aktkn.sg/kali/pool/main/j/json-c/libjson-c5_0.17-1_arm64.deb [42800/42800] -> "/home/terminator/Development/Cloned/Anlinux-Resources/Scripts/Bootstrap/Kali/arm64//var/cache/apt/archives/partial/libjson-c5_0.17-1_arm64.deb" [1]
2023-12-04 17:42:19 URL:http://mirror.aktkn.sg/kali/pool/main/k/kmod/libkmod2_30+20230601-2_arm64.deb [55040/55040] -> "/home/terminator/Development/Cloned/Anlinux-Resources/Scripts/Bootstrap/Kali/arm64//var/cache/apt/archives/partial/libkmod2_30+20230601-2_arm64.deb" [1]
2023-12-04 17:42:20 URL:http://mirror.aktkn.sg/kali/pool/main/libk/libksba/libksba8_1.6.4-2_arm64.deb [120748/120748] -> "/home/terminator/Development/Cloned/Anlinux-Resources/Scripts/Bootstrap/Kali/arm64//var/cache/apt/archives/partial/libksba8_1.6.4-2_arm64.deb" [1]
2023-12-04 17:42:21 URL:http://mirror.aktkn.sg/kali/pool/main/o/openldap/libldap-2.5-0_2.5.13+dfsg-5_arm64.deb [170832/170832] -> "/home/terminator/Development/Cloned/Anlinux-Resources/Scripts/Bootstrap/Kali/arm64//var/cache/apt/archives/partial/libldap-2.5-0_2.5.13+dfsg-5_arm64.deb" [1]
2023-12-04 17:42:22 URL:http://mirror.aktkn.sg/kali/pool/main/l/lz4/liblz4-1_1.9.4-1_arm64.deb [59808/59808] -> "/home/terminator/Development/Cloned/Anlinux-Resources/Scripts/Bootstrap/Kali/arm64//var/cache/apt/archives/partial/liblz4-1_1.9.4-1_arm64.deb" [1]
2023-12-04 17:42:22 URL:http://mirror.aktkn.sg/kali/pool/main/x/xz-utils/liblzma5_5.4.5-0.1_arm64.deb [232964/232964] -> "/home/terminator/Development/Cloned/Anlinux-Resources/Scripts/Bootstrap/Kali/arm64//var/cache/apt/archives/partial/liblzma5_5.4.5-0.1_arm64.deb" [1]
2023-12-04 17:42:23 URL:http://mirror.aktkn.sg/kali/pool/main/libm/libmd/libmd0_1.1.0-1_arm64.deb [32428/32428] -> "/home/terminator/Development/Cloned/Anlinux-Resources/Scripts/Bootstrap/Kali/arm64//var/cache/apt/archives/partial/libmd0_1.1.0-1_arm64.deb" [1]
2023-12-04 17:42:24 URL:http://mirror.aktkn.sg/kali/pool/main/u/util-linux/libmount1_2.39.2-6_arm64.deb [182456/182456] -> "/home/terminator/Development/Cloned/Anlinux-Resources/Scripts/Bootstrap/Kali/arm64//var/cache/apt/archives/partial/libmount1_2.39.2-6_arm64.deb" [1]
2023-12-04 17:42:25 URL:http://mirror.aktkn.sg/kali/pool/main/n/ncurses/libncursesw6_6.4+20231121-1_arm64.deb [124244/124244] -> "/home/terminator/Development/Cloned/Anlinux-Resources/Scripts/Bootstrap/Kali/arm64//var/cache/apt/archives/partial/libncursesw6_6.4+20231121-1_arm64.deb" [1]
2023-12-04 17:42:25 URL:http://mirror.aktkn.sg/kali/pool/main/n/nettle/libnettle8_3.9.1-2_arm64.deb [300072/300072] -> "/home/terminator/Development/Cloned/Anlinux-Resources/Scripts/Bootstrap/Kali/arm64//var/cache/apt/archives/partial/libnettle8_3.9.1-2_arm64.deb" [1]
2023-12-04 17:42:26 URL:http://mirror.aktkn.sg/kali/pool/main/n/npth/libnpth0_1.6-3_arm64.deb [18648/18648] -> "/home/terminator/Development/Cloned/Anlinux-Resources/Scripts/Bootstrap/Kali/arm64//var/cache/apt/archives/partial/libnpth0_1.6-3_arm64.deb" [1]
2023-12-04 17:42:27 URL:http://mirror.aktkn.sg/kali/pool/main/libn/libnumber-compare-perl/libnumber-compare-perl_0.03-3_all.deb [6332/6332] -> "/home/terminator/Development/Cloned/Anlinux-Resources/Scripts/Bootstrap/Kali/arm64//var/cache/apt/archives/partial/libnumber-compare-perl_0.03-3_all.deb" [1]
2023-12-04 17:42:28 URL:http://mirror.aktkn.sg/kali/pool/main/p/p11-kit/libp11-kit0_0.25.0-5_arm64.deb [386484/386484] -> "/home/terminator/Development/Cloned/Anlinux-Resources/Scripts/Bootstrap/Kali/arm64//var/cache/apt/archives/partial/libp11-kit0_0.25.0-5_arm64.deb" [1]
2023-12-04 17:42:28 URL:http://mirror.aktkn.sg/kali/pool/main/p/pam/libpam-modules_1.5.2-9.1_arm64.deb [259064/259064] -> "/home/terminator/Development/Cloned/Anlinux-Resources/Scripts/Bootstrap/Kali/arm64//var/cache/apt/archives/partial/libpam-modules_1.5.2-9.1_arm64.deb" [1]
2023-12-04 17:42:29 URL:http://mirror.aktkn.sg/kali/pool/main/p/pam/libpam-modules-bin_1.5.2-9.1_arm64.deb [48948/48948] -> "/home/terminator/Development/Cloned/Anlinux-Resources/Scripts/Bootstrap/Kali/arm64//var/cache/apt/archives/partial/libpam-modules-bin_1.5.2-9.1_arm64.deb" [1]
2023-12-04 17:42:30 URL:http://mirror.aktkn.sg/kali/pool/main/p/pam/libpam-runtime_1.5.2-9.1_all.deb [134152/134152] -> "/home/terminator/Development/Cloned/Anlinux-Resources/Scripts/Bootstrap/Kali/arm64//var/cache/apt/archives/partial/libpam-runtime_1.5.2-9.1_all.deb" [1]
2023-12-04 17:42:31 URL:http://mirror.aktkn.sg/kali/pool/main/p/pam/libpam0g_1.5.2-9.1_arm64.deb [64256/64256] -> "/home/terminator/Development/Cloned/Anlinux-Resources/Scripts/Bootstrap/Kali/arm64//var/cache/apt/archives/partial/libpam0g_1.5.2-9.1_arm64.deb" [1]
2023-12-04 17:42:31 URL:http://mirror.aktkn.sg/kali/pool/main/p/pcre2/libpcre2-8-0_10.42-4_arm64.deb [230616/230616] -> "/home/terminator/Development/Cloned/Anlinux-Resources/Scripts/Bootstrap/Kali/arm64//var/cache/apt/archives/partial/libpcre2-8-0_10.42-4_arm64.deb" [1]
2023-12-04 17:42:33 URL:http://mirror.aktkn.sg/kali/pool/main/p/perl/libperl5.36_5.36.0-9_arm64.deb [4013176/4013176] -> "/home/terminator/Development/Cloned/Anlinux-Resources/Scripts/Bootstrap/Kali/arm64//var/cache/apt/archives/partial/libperl5.36_5.36.0-9_arm64.deb" [1]
2023-12-04 17:42:34 URL:http://mirror.aktkn.sg/kali/pool/main/libp/libpsl/libpsl5_0.21.2-1+b1_arm64.deb [58996/58996] -> "/home/terminator/Development/Cloned/Anlinux-Resources/Scripts/Bootstrap/Kali/arm64//var/cache/apt/archives/partial/libpsl5_0.21.2-1+b1_arm64.deb" [1]
2023-12-04 17:42:35 URL:http://mirror.aktkn.sg/kali/pool/main/r/readline/libreadline8_8.2-1.3_arm64.deb [154776/154776] -> "/home/terminator/Development/Cloned/Anlinux-Resources/Scripts/Bootstrap/Kali/arm64//var/cache/apt/archives/partial/libreadline8_8.2-1.3_arm64.deb" [1]
2023-12-04 17:42:35 URL:http://mirror.aktkn.sg/kali/pool/main/c/cyrus-sasl2/libsasl2-2_2.1.28+dfsg1-4_arm64.deb [55252/55252] -> "/home/terminator/Development/Cloned/Anlinux-Resources/Scripts/Bootstrap/Kali/arm64//var/cache/apt/archives/partial/libsasl2-2_2.1.28+dfsg1-4_arm64.deb" [1]
2023-12-04 17:42:36 URL:http://mirror.aktkn.sg/kali/pool/main/c/cyrus-sasl2/libsasl2-modules-db_2.1.28+dfsg1-4_arm64.deb [19960/19960] -> "/home/terminator/Development/Cloned/Anlinux-Resources/Scripts/Bootstrap/Kali/arm64//var/cache/apt/archives/partial/libsasl2-modules-db_2.1.28+dfsg1-4_arm64.deb" [1]
2023-12-04 17:42:37 URL:http://mirror.aktkn.sg/kali/pool/main/libs/libseccomp/libseccomp2_2.5.4-2+b1_arm64.deb [46352/46352] -> "/home/terminator/Development/Cloned/Anlinux-Resources/Scripts/Bootstrap/Kali/arm64//var/cache/apt/archives/partial/libseccomp2_2.5.4-2+b1_arm64.deb" [1]
2023-12-04 17:42:37 URL:http://mirror.aktkn.sg/kali/pool/main/libs/libselinux/libselinux1_3.5-1+b1_arm64.deb [70196/70196] -> "/home/terminator/Development/Cloned/Anlinux-Resources/Scripts/Bootstrap/Kali/arm64//var/cache/apt/archives/partial/libselinux1_3.5-1+b1_arm64.deb" [1]
2023-12-04 17:42:38 URL:http://mirror.aktkn.sg/kali/pool/main/libs/libsemanage/libsemanage-common_3.5-1_all.deb [9908/9908] -> "/home/terminator/Development/Cloned/Anlinux-Resources/Scripts/Bootstrap/Kali/arm64//var/cache/apt/archives/partial/libsemanage-common_3.5-1_all.deb" [1]
2023-12-04 17:42:39 URL:http://mirror.aktkn.sg/kali/pool/main/libs/libsemanage/libsemanage2_3.5-1_arm64.deb [82344/82344] -> "/home/terminator/Development/Cloned/Anlinux-Resources/Scripts/Bootstrap/Kali/arm64//var/cache/apt/archives/partial/libsemanage2_3.5-1_arm64.deb" [1]
2023-12-04 17:42:40 URL:http://mirror.aktkn.sg/kali/pool/main/libs/libsepol/libsepol2_3.5-2_arm64.deb [249376/249376] -> "/home/terminator/Development/Cloned/Anlinux-Resources/Scripts/Bootstrap/Kali/arm64//var/cache/apt/archives/partial/libsepol2_3.5-2_arm64.deb" [1]
2023-12-04 17:42:40 URL:http://mirror.aktkn.sg/kali/pool/main/u/util-linux/libsmartcols1_2.39.2-6_arm64.deb [113824/113824] -> "/home/terminator/Development/Cloned/Anlinux-Resources/Scripts/Bootstrap/Kali/arm64//var/cache/apt/archives/partial/libsmartcols1_2.39.2-6_arm64.deb" [1]
2023-12-04 17:42:41 URL:http://mirror.aktkn.sg/kali/pool/main/s/sqlite3/libsqlite3-0_3.44.0-1_arm64.deb [822184/822184] -> "/home/terminator/Development/Cloned/Anlinux-Resources/Scripts/Bootstrap/Kali/arm64//var/cache/apt/archives/partial/libsqlite3-0_3.44.0-1_arm64.deb" [1]
2023-12-04 17:42:42 URL:http://mirror.aktkn.sg/kali/pool/main/e/e2fsprogs/libss2_1.47.0-2+b1_arm64.deb [24472/24472] -> "/home/terminator/Development/Cloned/Anlinux-Resources/Scripts/Bootstrap/Kali/arm64//var/cache/apt/archives/partial/libss2_1.47.0-2+b1_arm64.deb" [1]
2023-12-04 17:42:43 URL:http://mirror.aktkn.sg/kali/pool/main/o/openssl/libssl3_3.0.11-1_arm64.deb [1810220/1810220] -> "/home/terminator/Development/Cloned/Anlinux-Resources/Scripts/Bootstrap/Kali/arm64//var/cache/apt/archives/partial/libssl3_3.0.11-1_arm64.deb" [1]
2023-12-04 17:42:44 URL:http://mirror.aktkn.sg/kali/pool/main/g/gcc-13/libstdc++6_13.2.0-5_arm64.deb [621092/621092] -> "/home/terminator/Development/Cloned/Anlinux-Resources/Scripts/Bootstrap/Kali/arm64//var/cache/apt/archives/partial/libstdc++6_13.2.0-5_arm64.deb" [1]
2023-12-04 17:42:45 URL:http://mirror.aktkn.sg/kali/pool/main/s/systemd/libsystemd-shared_254.5-1_arm64.deb [1638432/1638432] -> "/home/terminator/Development/Cloned/Anlinux-Resources/Scripts/Bootstrap/Kali/arm64//var/cache/apt/archives/partial/libsystemd-shared_254.5-1_arm64.deb" [1]
2023-12-04 17:42:46 URL:http://mirror.aktkn.sg/kali/pool/main/s/systemd/libsystemd0_254.5-1_arm64.deb [330388/330388] -> "/home/terminator/Development/Cloned/Anlinux-Resources/Scripts/Bootstrap/Kali/arm64//var/cache/apt/archives/partial/libsystemd0_254.5-1_arm64.deb" [1]
2023-12-04 17:42:46 URL:http://mirror.aktkn.sg/kali/pool/main/libt/libtasn1-6/libtasn1-6_4.19.0-3_arm64.deb [45784/45784] -> "/home/terminator/Development/Cloned/Anlinux-Resources/Scripts/Bootstrap/Kali/arm64//var/cache/apt/archives/partial/libtasn1-6_4.19.0-3_arm64.deb" [1]
2023-12-04 17:42:47 URL:http://mirror.aktkn.sg/kali/pool/main/libt/libtext-glob-perl/libtext-glob-perl_0.11-3_all.deb [7676/7676] -> "/home/terminator/Development/Cloned/Anlinux-Resources/Scripts/Bootstrap/Kali/arm64//var/cache/apt/archives/partial/libtext-glob-perl_0.11-3_all.deb" [1]
2023-12-04 17:42:48 URL:http://mirror.aktkn.sg/kali/pool/main/n/ncurses/libtinfo6_6.4+20231121-1_arm64.deb [333280/333280] -> "/home/terminator/Development/Cloned/Anlinux-Resources/Scripts/Bootstrap/Kali/arm64//var/cache/apt/archives/partial/libtinfo6_6.4+20231121-1_arm64.deb" [1]
2023-12-04 17:42:49 URL:http://mirror.aktkn.sg/kali/pool/main/s/systemd/libudev1_254.5-1_arm64.deb [112920/112920] -> "/home/terminator/Development/Cloned/Anlinux-Resources/Scripts/Bootstrap/Kali/arm64//var/cache/apt/archives/partial/libudev1_254.5-1_arm64.deb" [1]
2023-12-04 17:42:49 URL:http://mirror.aktkn.sg/kali/pool/main/libu/libunistring/libunistring5_1.1-2_arm64.deb [423608/423608] -> "/home/terminator/Development/Cloned/Anlinux-Resources/Scripts/Bootstrap/Kali/arm64//var/cache/apt/archives/partial/libunistring5_1.1-2_arm64.deb" [1]
2023-12-04 17:42:52 URL:http://mirror.aktkn.sg/kali/pool/main/u/util-linux/libuuid1_2.39.2-6_arm64.deb [29292/29292] -> "/home/terminator/Development/Cloned/Anlinux-Resources/Scripts/Bootstrap/Kali/arm64//var/cache/apt/archives/partial/libuuid1_2.39.2-6_arm64.deb" [1]
2023-12-04 17:42:53 URL:http://mirror.aktkn.sg/kali/pool/main/x/xxhash/libxxhash0_0.8.2-2_arm64.deb [21844/21844] -> "/home/terminator/Development/Cloned/Anlinux-Resources/Scripts/Bootstrap/Kali/arm64//var/cache/apt/archives/partial/libxxhash0_0.8.2-2_arm64.deb" [1]
2023-12-04 17:42:54 URL:http://mirror.aktkn.sg/kali/pool/main/libz/libzstd/libzstd1_1.5.5+dfsg2-2_arm64.deb [256304/256304] -> "/home/terminator/Development/Cloned/Anlinux-Resources/Scripts/Bootstrap/Kali/arm64//var/cache/apt/archives/partial/libzstd1_1.5.5+dfsg2-2_arm64.deb" [1]
2023-12-04 17:42:55 URL:http://mirror.aktkn.sg/kali/pool/main/s/shadow/login_4.13+dfsg1-3_arm64.deb [613552/613552] -> "/home/terminator/Development/Cloned/Anlinux-Resources/Scripts/Bootstrap/Kali/arm64//var/cache/apt/archives/partial/login_1%3a4.13+dfsg1-3_arm64.deb" [1]
2023-12-04 17:42:55 URL:http://mirror.aktkn.sg/kali/pool/main/e/e2fsprogs/logsave_1.47.0-2+b1_arm64.deb [19832/19832] -> "/home/terminator/Development/Cloned/Anlinux-Resources/Scripts/Bootstrap/Kali/arm64//var/cache/apt/archives/partial/logsave_1.47.0-2+b1_arm64.deb" [1]
2023-12-04 17:42:56 URL:http://mirror.aktkn.sg/kali/pool/main/l/lsb/lsb-base_11.6_all.deb [4584/4584] -> "/home/terminator/Development/Cloned/Anlinux-Resources/Scripts/Bootstrap/Kali/arm64//var/cache/apt/archives/partial/lsb-base_11.6_all.deb" [1]
2023-12-04 17:42:57 URL:http://mirror.aktkn.sg/kali/pool/main/m/mawk/mawk_1.3.4.20231102-1_arm64.deb [127744/127744] -> "/home/terminator/Development/Cloned/Anlinux-Resources/Scripts/Bootstrap/Kali/arm64//var/cache/apt/archives/partial/mawk_1.3.4.20231102-1_arm64.deb" [1]
2023-12-04 17:42:58 URL:http://mirror.aktkn.sg/kali/pool/main/u/util-linux/mount_2.39.2-6_arm64.deb [142920/142920] -> "/home/terminator/Development/Cloned/Anlinux-Resources/Scripts/Bootstrap/Kali/arm64//var/cache/apt/archives/partial/mount_2.39.2-6_arm64.deb" [1]
2023-12-04 17:42:58 URL:http://mirror.aktkn.sg/kali/pool/main/n/ncurses/ncurses-base_6.4+20231121-1_all.deb [267096/267096] -> "/home/terminator/Development/Cloned/Anlinux-Resources/Scripts/Bootstrap/Kali/arm64//var/cache/apt/archives/partial/ncurses-base_6.4+20231121-1_all.deb" [1]
2023-12-04 17:42:59 URL:http://mirror.aktkn.sg/kali/pool/main/n/ncurses/ncurses-bin_6.4+20231121-1_arm64.deb [423300/423300] -> "/home/terminator/Development/Cloned/Anlinux-Resources/Scripts/Bootstrap/Kali/arm64//var/cache/apt/archives/partial/ncurses-bin_6.4+20231121-1_arm64.deb" [1]
2023-12-04 17:43:00 URL:http://mirror.aktkn.sg/kali/pool/main/o/openssl/openssl_3.0.11-1_arm64.deb [1383824/1383824] -> "/home/terminator/Development/Cloned/Anlinux-Resources/Scripts/Bootstrap/Kali/arm64//var/cache/apt/archives/partial/openssl_3.0.11-1_arm64.deb" [1]
2023-12-04 17:43:01 URL:http://mirror.aktkn.sg/kali/pool/main/s/shadow/passwd_4.13+dfsg1-3_arm64.deb [945904/945904] -> "/home/terminator/Development/Cloned/Anlinux-Resources/Scripts/Bootstrap/Kali/arm64//var/cache/apt/archives/partial/passwd_1%3a4.13+dfsg1-3_arm64.deb" [1]
2023-12-04 17:43:02 URL:http://mirror.aktkn.sg/kali/pool/main/p/perl/perl_5.36.0-9_arm64.deb [238856/238856] -> "/home/terminator/Development/Cloned/Anlinux-Resources/Scripts/Bootstrap/Kali/arm64//var/cache/apt/archives/partial/perl_5.36.0-9_arm64.deb" [1]
2023-12-04 17:43:03 URL:http://mirror.aktkn.sg/kali/pool/main/p/perl/perl-base_5.36.0-9_arm64.deb [1469368/1469368] -> "/home/terminator/Development/Cloned/Anlinux-Resources/Scripts/Bootstrap/Kali/arm64//var/cache/apt/archives/partial/perl-base_5.36.0-9_arm64.deb" [1]
2023-12-04 17:43:04 URL:http://mirror.aktkn.sg/kali/pool/main/p/perl/perl-modules-5.36_5.36.0-9_all.deb [2815196/2815196] -> "/home/terminator/Development/Cloned/Anlinux-Resources/Scripts/Bootstrap/Kali/arm64//var/cache/apt/archives/partial/perl-modules-5.36_5.36.0-9_all.deb" [1]
2023-12-04 17:43:05 URL:http://mirror.aktkn.sg/kali/pool/main/p/pinentry/pinentry-curses_1.2.1-3_arm64.deb [75660/75660] -> "/home/terminator/Development/Cloned/Anlinux-Resources/Scripts/Bootstrap/Kali/arm64//var/cache/apt/archives/partial/pinentry-curses_1.2.1-3_arm64.deb" [1]
2023-12-04 17:43:06 URL:http://mirror.aktkn.sg/kali/pool/main/r/readline/readline-common_8.2-1.3_all.deb [68988/68988] -> "/home/terminator/Development/Cloned/Anlinux-Resources/Scripts/Bootstrap/Kali/arm64//var/cache/apt/archives/partial/readline-common_8.2-1.3_all.deb" [1]
2023-12-04 17:43:07 URL:http://mirror.aktkn.sg/kali/pool/main/s/sed/sed_4.9-1_arm64.deb [323532/323532] -> "/home/terminator/Development/Cloned/Anlinux-Resources/Scripts/Bootstrap/Kali/arm64//var/cache/apt/archives/partial/sed_4.9-1_arm64.deb" [1]
2023-12-04 17:43:10 URL:http://mirror.aktkn.sg/kali/pool/main/s/systemd/systemd_254.5-1_arm64.deb [3081172/3081172] -> "/home/terminator/Development/Cloned/Anlinux-Resources/Scripts/Bootstrap/Kali/arm64//var/cache/apt/archives/partial/systemd_254.5-1_arm64.deb" [1]
2023-12-04 17:43:11 URL:http://mirror.aktkn.sg/kali/pool/main/s/systemd/systemd-dev_254.5-1_all.deb [54700/54700] -> "/home/terminator/Development/Cloned/Anlinux-Resources/Scripts/Bootstrap/Kali/arm64//var/cache/apt/archives/partial/systemd-dev_254.5-1_all.deb" [1]
2023-12-04 17:43:12 URL:http://mirror.aktkn.sg/kali/pool/main/s/sysvinit/sysvinit-utils_3.08-3_arm64.deb [31620/31620] -> "/home/terminator/Development/Cloned/Anlinux-Resources/Scripts/Bootstrap/Kali/arm64//var/cache/apt/archives/partial/sysvinit-utils_3.08-3_arm64.deb" [1]
2023-12-04 17:43:13 URL:http://mirror.aktkn.sg/kali/pool/main/t/tar/tar_1.34+dfsg-1.2_arm64.deb [816576/816576] -> "/home/terminator/Development/Cloned/Anlinux-Resources/Scripts/Bootstrap/Kali/arm64//var/cache/apt/archives/partial/tar_1.34+dfsg-1.2_arm64.deb" [1]
2023-12-04 17:43:13 URL:http://mirror.aktkn.sg/kali/pool/main/t/tzdata/tzdata_2023c-11_all.deb [252396/252396] -> "/home/terminator/Development/Cloned/Anlinux-Resources/Scripts/Bootstrap/Kali/arm64//var/cache/apt/archives/partial/tzdata_2023c-11_all.deb" [1]
2023-12-04 17:43:14 URL:http://mirror.aktkn.sg/kali/pool/main/u/usrmerge/usr-is-merged_38_all.deb [5504/5504] -> "/home/terminator/Development/Cloned/Anlinux-Resources/Scripts/Bootstrap/Kali/arm64//var/cache/apt/archives/partial/usr-is-merged_38_all.deb" [1]
2023-12-04 17:43:15 URL:http://mirror.aktkn.sg/kali/pool/main/u/usrmerge/usrmerge_38_all.deb [12952/12952] -> "/home/terminator/Development/Cloned/Anlinux-Resources/Scripts/Bootstrap/Kali/arm64//var/cache/apt/archives/partial/usrmerge_38_all.deb" [1]
2023-12-04 17:43:16 URL:http://mirror.aktkn.sg/kali/pool/main/u/util-linux/util-linux_2.39.2-6_arm64.deb [1197172/1197172] -> "/home/terminator/Development/Cloned/Anlinux-Resources/Scripts/Bootstrap/Kali/arm64//var/cache/apt/archives/partial/util-linux_2.39.2-6_arm64.deb" [1]
2023-12-04 17:43:17 URL:http://mirror.aktkn.sg/kali/pool/main/w/wget/wget_1.21.4-1_arm64.deb [944348/944348] -> "/home/terminator/Development/Cloned/Anlinux-Resources/Scripts/Bootstrap/Kali/arm64//var/cache/apt/archives/partial/wget_1.21.4-1_arm64.deb" [1]
2023-12-04 17:43:17 URL:http://mirror.aktkn.sg/kali/pool/main/z/zlib/zlib1g_1.2.13.dfsg-3_arm64.deb [82928/82928] -> "/home/terminator/Development/Cloned/Anlinux-Resources/Scripts/Bootstrap/Kali/arm64//var/cache/apt/archives/partial/zlib1g_1%3a1.2.13.dfsg-3_arm64.deb" [1]
dpkg: warning: parsing file '/var/lib/dpkg/status' near line 5 package 'dpkg':
 missing 'Description' field
dpkg: warning: parsing file '/var/lib/dpkg/status' near line 5 package 'dpkg':
 missing 'Architecture' field
Selecting previously unselected package base-passwd.
(Reading database ... 0 files and directories currently installed.)
Preparing to unpack .../base-passwd_3.6.2_arm64.deb ...
Unpacking base-passwd (3.6.2) ...
dpkg: base-passwd: dependency problems, but configuring anyway as you requested:
 base-passwd depends on libc6 (>= 2.34); however:
  Package libc6 is not installed.
 base-passwd depends on libdebconfclient0 (>= 0.145); however:
  Package libdebconfclient0 is not installed.
 base-passwd depends on libselinux1 (>= 3.1~); however:
  Package libselinux1 is not installed.

Setting up base-passwd (3.6.2) ...
dpkg: warning: parsing file '/var/lib/dpkg/status' near line 24 package 'dpkg':
 missing 'Description' field
dpkg: warning: parsing file '/var/lib/dpkg/status' near line 24 package 'dpkg':
 missing 'Architecture' field
Selecting previously unselected package base-files.
dpkg: regarding .../base-files_1%3a2023.4.0_arm64.deb containing base-files, pre-dependency problem:
 base-files pre-depends on awk
  awk is not installed.

dpkg: warning: ignoring pre-dependency problem!
(Reading database ... 41 files and directories currently installed.)
Preparing to unpack .../base-files_1%3a2023.4.0_arm64.deb ...
Unpacking base-files (1:2023.4.0) ...
dpkg: base-files: dependency problems, but configuring anyway as you requested:
 base-files depends on awk; however:
  Package awk is not installed.

Setting up base-files (1:2023.4.0) ...
dpkg: warning: parsing file '/var/lib/dpkg/status' near line 53 package 'dpkg':
 missing 'Description' field
dpkg: warning: parsing file '/var/lib/dpkg/status' near line 53 package 'dpkg':
 missing 'Architecture' field
dpkg: regarding .../dpkg_1.22.1+kali1_arm64.deb containing dpkg, pre-dependency problem:
 dpkg pre-depends on libbz2-1.0
  libbz2-1.0 is not installed.

dpkg: warning: ignoring pre-dependency problem!
dpkg: regarding .../dpkg_1.22.1+kali1_arm64.deb containing dpkg, pre-dependency problem:
 dpkg pre-depends on libc6 (>= 2.34)
  libc6 is not installed.

dpkg: warning: ignoring pre-dependency problem!
dpkg: regarding .../dpkg_1.22.1+kali1_arm64.deb containing dpkg, pre-dependency problem:
 dpkg pre-depends on liblzma5 (>= 5.4.0)
  liblzma5 is not installed.

dpkg: warning: ignoring pre-dependency problem!
dpkg: regarding .../dpkg_1.22.1+kali1_arm64.deb containing dpkg, pre-dependency problem:
 dpkg pre-depends on libmd0 (>= 0.0.0)
  libmd0 is not installed.

dpkg: warning: ignoring pre-dependency problem!
dpkg: regarding .../dpkg_1.22.1+kali1_arm64.deb containing dpkg, pre-dependency problem:
 dpkg pre-depends on libselinux1 (>= 3.1~)
  libselinux1 is not installed.

dpkg: warning: ignoring pre-dependency problem!
dpkg: regarding .../dpkg_1.22.1+kali1_arm64.deb containing dpkg, pre-dependency problem:
 dpkg pre-depends on libzstd1 (>= 1.5.5)
  libzstd1 is not installed.

dpkg: warning: ignoring pre-dependency problem!
dpkg: regarding .../dpkg_1.22.1+kali1_arm64.deb containing dpkg, pre-dependency problem:
 dpkg pre-depends on zlib1g (>= 1:1.1.4)
  zlib1g is not installed.

dpkg: warning: ignoring pre-dependency problem!
(Reading database ... 126 files and directories currently installed.)
Preparing to unpack .../dpkg_1.22.1+kali1_arm64.deb ...
Unpacking dpkg (1.22.1+kali1) over (1.22.1+kali1) ...
dpkg: dpkg: dependency problems, but configuring anyway as you requested:
 dpkg depends on libbz2-1.0; however:
  Package libbz2-1.0 is not installed.
 dpkg depends on libc6 (>= 2.34); however:
  Package libc6 is not installed.
 dpkg depends on liblzma5 (>= 5.4.0); however:
  Package liblzma5 is not installed.
 dpkg depends on libmd0 (>= 0.0.0); however:
  Package libmd0 is not installed.
 dpkg depends on libselinux1 (>= 3.1~); however:
  Package libselinux1 is not installed.
 dpkg depends on libzstd1 (>= 1.5.5); however:
  Package libzstd1 is not installed.
 dpkg depends on zlib1g (>= 1:1.1.4); however:
  Package zlib1g is not installed.
 dpkg depends on tar (>= 1.28-1); however:
  Package tar is not installed.

Setting up dpkg (1.22.1+kali1) ...
Selecting previously unselected package libc6:arm64.
(Reading database ... 414 files and directories currently installed.)
Preparing to unpack .../libc6_2.37-12_arm64.deb ...
Unpacking libc6:arm64 (2.37-12) ...
dpkg: libc6:arm64: dependency problems, but configuring anyway as you requested:
 libc6:arm64 depends on libgcc-s1; however:
  Package libgcc-s1 is not installed.

Setting up libc6:arm64 (2.37-12) ...
Selecting previously unselected package perl-base.
dpkg: regarding .../perl-base_5.36.0-9_arm64.deb containing perl-base, pre-dependency problem:
 perl-base pre-depends on libcrypt1 (>= 1:4.1.0)
  libcrypt1 is not installed.

dpkg: warning: ignoring pre-dependency problem!
(Reading database ... 705 files and directories currently installed.)
Preparing to unpack .../perl-base_5.36.0-9_arm64.deb ...
Unpacking perl-base (5.36.0-9) ...
dpkg: perl-base: dependency problems, but configuring anyway as you requested:
 perl-base depends on libcrypt1 (>= 1:4.1.0); however:
  Package libcrypt1 is not installed.

Setting up perl-base (5.36.0-9) ...
Selecting previously unselected package mawk.
(Reading database ... 1433 files and directories currently installed.)
Preparing to unpack .../mawk_1.3.4.20231102-1_arm64.deb ...
Unpacking mawk (1.3.4.20231102-1) ...
Setting up mawk (1.3.4.20231102-1) ...
update-alternatives: using /usr/bin/mawk to provide /usr/bin/awk (awk) in auto mode
Selecting previously unselected package apt.
(Reading database ... 1455 files and directories currently installed.)
Preparing to unpack .../archives/apt_2.7.6_arm64.deb ...
Unpacking apt (2.7.6) ...
Preparing to unpack .../base-files_1%3a2023.4.0_arm64.deb ...
Unpacking base-files (1:2023.4.0) over (1:2023.4.0) ...
Preparing to unpack .../base-passwd_3.6.2_arm64.deb ...
Unpacking base-passwd (3.6.2) over (3.6.2) ...
Selecting previously unselected package bash.
dpkg: regarding .../bash_5.2.21-2_arm64.deb containing bash, pre-dependency problem:
 bash pre-depends on libtinfo6 (>= 6)
  libtinfo6 is not installed.

dpkg: warning: ignoring pre-dependency problem!
Preparing to unpack .../bash_5.2.21-2_arm64.deb ...
Unpacking bash (5.2.21-2) ...
Selecting previously unselected package bsdutils.
dpkg: regarding .../bsdutils_1%3a2.39.2-6_arm64.deb containing bsdutils, pre-dependency problem:
 bsdutils pre-depends on libsystemd0
  libsystemd0 is not installed.

dpkg: warning: ignoring pre-dependency problem!
Preparing to unpack .../bsdutils_1%3a2.39.2-6_arm64.deb ...
Unpacking bsdutils (1:2.39.2-6) ...
Selecting previously unselected package coreutils.
dpkg: regarding .../coreutils_9.1-1_arm64.deb containing coreutils, pre-dependency problem:
 coreutils pre-depends on libacl1 (>= 2.2.23)
  libacl1 is not installed.

dpkg: warning: ignoring pre-dependency problem!
dpkg: regarding .../coreutils_9.1-1_arm64.deb containing coreutils, pre-dependency problem:
 coreutils pre-depends on libattr1 (>= 1:2.4.44)
  libattr1 is not installed.

dpkg: warning: ignoring pre-dependency problem!
dpkg: regarding .../coreutils_9.1-1_arm64.deb containing coreutils, pre-dependency problem:
 coreutils pre-depends on libgmp10 (>= 2:6.2.1+dfsg1)
  libgmp10 is not installed.

dpkg: warning: ignoring pre-dependency problem!
dpkg: regarding .../coreutils_9.1-1_arm64.deb containing coreutils, pre-dependency problem:
 coreutils pre-depends on libselinux1 (>= 3.1~)
  libselinux1 is not installed.

dpkg: warning: ignoring pre-dependency problem!
Preparing to unpack .../coreutils_9.1-1_arm64.deb ...
Unpacking coreutils (9.1-1) ...
Selecting previously unselected package dash.
Preparing to unpack .../dash_0.5.12-6_arm64.deb ...
Unpacking dash (0.5.12-6) ...
Selecting previously unselected package debconf.
Preparing to unpack .../debconf_1.5.82_all.deb ...
Unpacking debconf (1.5.82) ...
Selecting previously unselected package debian-archive-keyring.
Preparing to unpack .../debian-archive-keyring_2023.4_all.deb ...
Unpacking debian-archive-keyring (2023.4) ...
Selecting previously unselected package debianutils.
Preparing to unpack .../debianutils_5.14_arm64.deb ...
Unpacking debianutils (5.14) ...
Selecting previously unselected package diffutils.
Preparing to unpack .../diffutils_1%3a3.10-1_arm64.deb ...
Unpacking diffutils (1:3.10-1) ...
dpkg: regarding .../dpkg_1.22.1+kali1_arm64.deb containing dpkg, pre-dependency problem:
 dpkg pre-depends on libbz2-1.0
  libbz2-1.0 is not installed.

dpkg: warning: ignoring pre-dependency problem!
dpkg: regarding .../dpkg_1.22.1+kali1_arm64.deb containing dpkg, pre-dependency problem:
 dpkg pre-depends on liblzma5 (>= 5.4.0)
  liblzma5 is not installed.

dpkg: warning: ignoring pre-dependency problem!
dpkg: regarding .../dpkg_1.22.1+kali1_arm64.deb containing dpkg, pre-dependency problem:
 dpkg pre-depends on libmd0 (>= 0.0.0)
  libmd0 is not installed.

dpkg: warning: ignoring pre-dependency problem!
dpkg: regarding .../dpkg_1.22.1+kali1_arm64.deb containing dpkg, pre-dependency problem:
 dpkg pre-depends on libselinux1 (>= 3.1~)
  libselinux1 is not installed.

dpkg: warning: ignoring pre-dependency problem!
dpkg: regarding .../dpkg_1.22.1+kali1_arm64.deb containing dpkg, pre-dependency problem:
 dpkg pre-depends on libzstd1 (>= 1.5.5)
  libzstd1 is not installed.

dpkg: warning: ignoring pre-dependency problem!
dpkg: regarding .../dpkg_1.22.1+kali1_arm64.deb containing dpkg, pre-dependency problem:
 dpkg pre-depends on zlib1g (>= 1:1.1.4)
  zlib1g is not installed.

dpkg: warning: ignoring pre-dependency problem!
Preparing to unpack .../dpkg_1.22.1+kali1_arm64.deb ...
Unpacking dpkg (1.22.1+kali1) over (1.22.1+kali1) ...
Selecting previously unselected package e2fsprogs.
dpkg: regarding .../e2fsprogs_1.47.0-2+b1_arm64.deb containing e2fsprogs, pre-dependency problem:
 e2fsprogs pre-depends on libblkid1 (>= 2.36)
  libblkid1 is not installed.

dpkg: warning: ignoring pre-dependency problem!
dpkg: regarding .../e2fsprogs_1.47.0-2+b1_arm64.deb containing e2fsprogs, pre-dependency problem:
 e2fsprogs pre-depends on libcom-err2 (>= 1.43.9)
  libcom-err2 is not installed.

dpkg: warning: ignoring pre-dependency problem!
dpkg: regarding .../e2fsprogs_1.47.0-2+b1_arm64.deb containing e2fsprogs, pre-dependency problem:
 e2fsprogs pre-depends on libext2fs2 (= 1.47.0-2+b1)
  libext2fs2 is not installed.

dpkg: warning: ignoring pre-dependency problem!
dpkg: regarding .../e2fsprogs_1.47.0-2+b1_arm64.deb containing e2fsprogs, pre-dependency problem:
 e2fsprogs pre-depends on libss2 (>= 1.38)
  libss2 is not installed.

dpkg: warning: ignoring pre-dependency problem!
dpkg: regarding .../e2fsprogs_1.47.0-2+b1_arm64.deb containing e2fsprogs, pre-dependency problem:
 e2fsprogs pre-depends on libuuid1 (>= 2.16)
  libuuid1 is not installed.

dpkg: warning: ignoring pre-dependency problem!
Preparing to unpack .../e2fsprogs_1.47.0-2+b1_arm64.deb ...
Unpacking e2fsprogs (1.47.0-2+b1) ...
Selecting previously unselected package findutils.
dpkg: regarding .../findutils_4.9.0-5_arm64.deb containing findutils, pre-dependency problem:
 findutils pre-depends on libselinux1 (>= 3.1~)
  libselinux1 is not installed.

dpkg: warning: ignoring pre-dependency problem!
Preparing to unpack .../findutils_4.9.0-5_arm64.deb ...
Unpacking findutils (4.9.0-5) ...
Selecting previously unselected package gcc-13-base:arm64.
Preparing to unpack .../gcc-13-base_13.2.0-5_arm64.deb ...
Unpacking gcc-13-base:arm64 (13.2.0-5) ...
Selecting previously unselected package gpgv.
Preparing to unpack .../gpgv_2.2.40-1.1_arm64.deb ...
Unpacking gpgv (2.2.40-1.1) ...
Selecting previously unselected package grep.
dpkg: regarding .../archives/grep_3.11-3_arm64.deb containing grep, pre-dependency problem:
 grep pre-depends on libpcre2-8-0 (>= 10.32)
  libpcre2-8-0 is not installed.

dpkg: warning: ignoring pre-dependency problem!
Preparing to unpack .../archives/grep_3.11-3_arm64.deb ...
Unpacking grep (3.11-3) ...
Selecting previously unselected package gzip.
Preparing to unpack .../archives/gzip_1.12-1_arm64.deb ...
Unpacking gzip (1.12-1) ...
Selecting previously unselected package hostname.
Preparing to unpack .../hostname_3.23+nmu1_arm64.deb ...
Unpacking hostname (3.23+nmu1) ...
Selecting previously unselected package init-system-helpers.
Preparing to unpack .../init-system-helpers_1.65.2+kali2_all.deb ...
Unpacking init-system-helpers (1.65.2+kali2) ...
Selecting previously unselected package libacl1:arm64.
Preparing to unpack .../libacl1_2.3.1-3_arm64.deb ...
Unpacking libacl1:arm64 (2.3.1-3) ...
Selecting previously unselected package libapt-pkg6.0:arm64.
Preparing to unpack .../libapt-pkg6.0_2.7.6_arm64.deb ...
Unpacking libapt-pkg6.0:arm64 (2.7.6) ...
Selecting previously unselected package libattr1:arm64.
Preparing to unpack .../libattr1_1%3a2.5.1-4_arm64.deb ...
Unpacking libattr1:arm64 (1:2.5.1-4) ...
Selecting previously unselected package libaudit-common.
Preparing to unpack .../libaudit-common_1%3a3.1.1-1_all.deb ...
Unpacking libaudit-common (1:3.1.1-1) ...
Selecting previously unselected package libaudit1:arm64.
Preparing to unpack .../libaudit1_1%3a3.1.1-1_arm64.deb ...
Unpacking libaudit1:arm64 (1:3.1.1-1) ...
Selecting previously unselected package libblkid1:arm64.
Preparing to unpack .../libblkid1_2.39.2-6_arm64.deb ...
Unpacking libblkid1:arm64 (2.39.2-6) ...
Selecting previously unselected package libbz2-1.0:arm64.
Preparing to unpack .../libbz2-1.0_1.0.8-5+b1_arm64.deb ...
Unpacking libbz2-1.0:arm64 (1.0.8-5+b1) ...
Selecting previously unselected package libc-bin.
Preparing to unpack .../libc-bin_2.37-12_arm64.deb ...
Unpacking libc-bin (2.37-12) ...
Preparing to unpack .../libc6_2.37-12_arm64.deb ...
Unpacking libc6:arm64 (2.37-12) over (2.37-12) ...
Selecting previously unselected package libcap-ng0:arm64.
Preparing to unpack .../libcap-ng0_0.8.3-1+b3_arm64.deb ...
Unpacking libcap-ng0:arm64 (0.8.3-1+b3) ...
Selecting previously unselected package libcap2:arm64.
Preparing to unpack .../libcap2_1%3a2.66-4_arm64.deb ...
Unpacking libcap2:arm64 (1:2.66-4) ...
Selecting previously unselected package libcom-err2:arm64.
Preparing to unpack .../libcom-err2_1.47.0-2+b1_arm64.deb ...
Unpacking libcom-err2:arm64 (1.47.0-2+b1) ...
Selecting previously unselected package libcrypt1:arm64.
Preparing to unpack .../libcrypt1_1%3a4.4.36-2_arm64.deb ...
Unpacking libcrypt1:arm64 (1:4.4.36-2) ...
Selecting previously unselected package libdb5.3:arm64.
Preparing to unpack .../libdb5.3_5.3.28+dfsg2-4_arm64.deb ...
Unpacking libdb5.3:arm64 (5.3.28+dfsg2-4) ...
Selecting previously unselected package libdebconfclient0:arm64.
Preparing to unpack .../libdebconfclient0_0.271_arm64.deb ...
Unpacking libdebconfclient0:arm64 (0.271) ...
Selecting previously unselected package libext2fs2:arm64.
Preparing to unpack .../libext2fs2_1.47.0-2+b1_arm64.deb ...
Unpacking libext2fs2:arm64 (1.47.0-2+b1) ...
Selecting previously unselected package libffi8:arm64.
Preparing to unpack .../libffi8_3.4.4-2_arm64.deb ...
Unpacking libffi8:arm64 (3.4.4-2) ...
Selecting previously unselected package libfile-find-rule-perl.
Preparing to unpack .../libfile-find-rule-perl_0.34-3_all.deb ...
Unpacking libfile-find-rule-perl (0.34-3) ...
Selecting previously unselected package libgcc-s1:arm64.
Preparing to unpack .../libgcc-s1_13.2.0-5_arm64.deb ...
Unpacking libgcc-s1:arm64 (13.2.0-5) ...
Selecting previously unselected package libgcrypt20:arm64.
Preparing to unpack .../libgcrypt20_1.10.2-3_arm64.deb ...
Unpacking libgcrypt20:arm64 (1.10.2-3) ...
Selecting previously unselected package libgdbm-compat4:arm64.
Preparing to unpack .../libgdbm-compat4_1.23-5_arm64.deb ...
Unpacking libgdbm-compat4:arm64 (1.23-5) ...
Selecting previously unselected package libgdbm6:arm64.
Preparing to unpack .../libgdbm6_1.23-5_arm64.deb ...
Unpacking libgdbm6:arm64 (1.23-5) ...
Selecting previously unselected package libgmp10:arm64.
Preparing to unpack .../libgmp10_2%3a6.3.0+dfsg-2_arm64.deb ...
Unpacking libgmp10:arm64 (2:6.3.0+dfsg-2) ...
Selecting previously unselected package libgnutls30:arm64.
Preparing to unpack .../libgnutls30_3.8.1-4+b1_arm64.deb ...
Unpacking libgnutls30:arm64 (3.8.1-4+b1) ...
Selecting previously unselected package libgpg-error0:arm64.
Preparing to unpack .../libgpg-error0_1.47-3_arm64.deb ...
Unpacking libgpg-error0:arm64 (1.47-3) ...
Selecting previously unselected package libhogweed6:arm64.
Preparing to unpack .../libhogweed6_3.9.1-2_arm64.deb ...
Unpacking libhogweed6:arm64 (3.9.1-2) ...
Selecting previously unselected package libidn2-0:arm64.
Preparing to unpack .../libidn2-0_2.3.4-1+b1_arm64.deb ...
Unpacking libidn2-0:arm64 (2.3.4-1+b1) ...
Selecting previously unselected package liblz4-1:arm64.
Preparing to unpack .../liblz4-1_1.9.4-1_arm64.deb ...
Unpacking liblz4-1:arm64 (1.9.4-1) ...
Selecting previously unselected package liblzma5:arm64.
Preparing to unpack .../liblzma5_5.4.5-0.1_arm64.deb ...
Unpacking liblzma5:arm64 (5.4.5-0.1) ...
Selecting previously unselected package libmd0:arm64.
Preparing to unpack .../libmd0_1.1.0-1_arm64.deb ...
Unpacking libmd0:arm64 (1.1.0-1) ...
Selecting previously unselected package libmount1:arm64.
Preparing to unpack .../libmount1_2.39.2-6_arm64.deb ...
Unpacking libmount1:arm64 (2.39.2-6) ...
Selecting previously unselected package libnettle8:arm64.
Preparing to unpack .../libnettle8_3.9.1-2_arm64.deb ...
Unpacking libnettle8:arm64 (3.9.1-2) ...
Selecting previously unselected package libnumber-compare-perl.
Preparing to unpack .../libnumber-compare-perl_0.03-3_all.deb ...
Unpacking libnumber-compare-perl (0.03-3) ...
Selecting previously unselected package libp11-kit0:arm64.
Preparing to unpack .../libp11-kit0_0.25.0-5_arm64.deb ...
Unpacking libp11-kit0:arm64 (0.25.0-5) ...
Selecting previously unselected package libpam-modules:arm64.
dpkg: regarding .../libpam-modules_1.5.2-9.1_arm64.deb containing libpam-modules:arm64, pre-dependency problem:
 libpam-modules pre-depends on libaudit1 (>= 1:2.2.1)
  libaudit1:arm64 is unpacked, but has never been configured.

dpkg: warning: ignoring pre-dependency problem!
dpkg: regarding .../libpam-modules_1.5.2-9.1_arm64.deb containing libpam-modules:arm64, pre-dependency problem:
 libpam-modules pre-depends on libcrypt1 (>= 1:4.3.0)
  libcrypt1:arm64 is unpacked, but has never been configured.

dpkg: warning: ignoring pre-dependency problem!
dpkg: regarding .../libpam-modules_1.5.2-9.1_arm64.deb containing libpam-modules:arm64, pre-dependency problem:
 libpam-modules pre-depends on libdb5.3
  libdb5.3:arm64 is unpacked, but has never been configured.

dpkg: warning: ignoring pre-dependency problem!
dpkg: regarding .../libpam-modules_1.5.2-9.1_arm64.deb containing libpam-modules:arm64, pre-dependency problem:
 libpam-modules pre-depends on libpam0g (>= 1.4.1)
  libpam0g is not installed.

dpkg: warning: ignoring pre-dependency problem!
dpkg: regarding .../libpam-modules_1.5.2-9.1_arm64.deb containing libpam-modules:arm64, pre-dependency problem:
 libpam-modules pre-depends on libselinux1 (>= 3.1~)
  libselinux1 is not installed.

dpkg: warning: ignoring pre-dependency problem!
dpkg: regarding .../libpam-modules_1.5.2-9.1_arm64.deb containing libpam-modules:arm64, pre-dependency problem:
 libpam-modules pre-depends on debconf (>= 0.5) | debconf-2.0
  debconf is unpacked, but has never been configured.
  debconf provides debconf-2.0 but is unpacked but not configured.

dpkg: warning: ignoring pre-dependency problem!
dpkg: regarding .../libpam-modules_1.5.2-9.1_arm64.deb containing libpam-modules:arm64, pre-dependency problem:
 libpam-modules pre-depends on libpam-modules-bin (= 1.5.2-9.1)
  libpam-modules-bin is not installed.

dpkg: warning: ignoring pre-dependency problem!
Preparing to unpack .../libpam-modules_1.5.2-9.1_arm64.deb ...
Unpacking libpam-modules:arm64 (1.5.2-9.1) ...
Selecting previously unselected package libpam-modules-bin.
Preparing to unpack .../libpam-modules-bin_1.5.2-9.1_arm64.deb ...
Unpacking libpam-modules-bin (1.5.2-9.1) ...
Selecting previously unselected package libpam-runtime.
Preparing to unpack .../libpam-runtime_1.5.2-9.1_all.deb ...
Unpacking libpam-runtime (1.5.2-9.1) ...
Selecting previously unselected package libpam0g:arm64.
Preparing to unpack .../libpam0g_1.5.2-9.1_arm64.deb ...
Unpacking libpam0g:arm64 (1.5.2-9.1) ...
Selecting previously unselected package libpcre2-8-0:arm64.
Preparing to unpack .../libpcre2-8-0_10.42-4_arm64.deb ...
Unpacking libpcre2-8-0:arm64 (10.42-4) ...
Selecting previously unselected package libperl5.36:arm64.
Preparing to unpack .../libperl5.36_5.36.0-9_arm64.deb ...
Unpacking libperl5.36:arm64 (5.36.0-9) ...
Selecting previously unselected package libseccomp2:arm64.
Preparing to unpack .../libseccomp2_2.5.4-2+b1_arm64.deb ...
Unpacking libseccomp2:arm64 (2.5.4-2+b1) ...
Selecting previously unselected package libselinux1:arm64.
Preparing to unpack .../libselinux1_3.5-1+b1_arm64.deb ...
Unpacking libselinux1:arm64 (3.5-1+b1) ...
Selecting previously unselected package libsemanage-common.
Preparing to unpack .../libsemanage-common_3.5-1_all.deb ...
Unpacking libsemanage-common (3.5-1) ...
Selecting previously unselected package libsemanage2:arm64.
Preparing to unpack .../libsemanage2_3.5-1_arm64.deb ...
Unpacking libsemanage2:arm64 (3.5-1) ...
Selecting previously unselected package libsepol2:arm64.
Preparing to unpack .../libsepol2_3.5-2_arm64.deb ...
Unpacking libsepol2:arm64 (3.5-2) ...
Selecting previously unselected package libsmartcols1:arm64.
Preparing to unpack .../libsmartcols1_2.39.2-6_arm64.deb ...
Unpacking libsmartcols1:arm64 (2.39.2-6) ...
Selecting previously unselected package libss2:arm64.
Preparing to unpack .../libss2_1.47.0-2+b1_arm64.deb ...
Unpacking libss2:arm64 (1.47.0-2+b1) ...
Selecting previously unselected package libstdc++6:arm64.
Preparing to unpack .../libstdc++6_13.2.0-5_arm64.deb ...
Unpacking libstdc++6:arm64 (13.2.0-5) ...
Selecting previously unselected package libsystemd0:arm64.
Preparing to unpack .../libsystemd0_254.5-1_arm64.deb ...
Unpacking libsystemd0:arm64 (254.5-1) ...
Selecting previously unselected package libtasn1-6:arm64.
Preparing to unpack .../libtasn1-6_4.19.0-3_arm64.deb ...
Unpacking libtasn1-6:arm64 (4.19.0-3) ...
Selecting previously unselected package libtext-glob-perl.
Preparing to unpack .../libtext-glob-perl_0.11-3_all.deb ...
Unpacking libtext-glob-perl (0.11-3) ...
Selecting previously unselected package libtinfo6:arm64.
Preparing to unpack .../libtinfo6_6.4+20231121-1_arm64.deb ...
Unpacking libtinfo6:arm64 (6.4+20231121-1) ...
Selecting previously unselected package libudev1:arm64.
Preparing to unpack .../libudev1_254.5-1_arm64.deb ...
Unpacking libudev1:arm64 (254.5-1) ...
Selecting previously unselected package libunistring5:arm64.
Preparing to unpack .../libunistring5_1.1-2_arm64.deb ...
Unpacking libunistring5:arm64 (1.1-2) ...
Selecting previously unselected package libuuid1:arm64.
Preparing to unpack .../libuuid1_2.39.2-6_arm64.deb ...
Unpacking libuuid1:arm64 (2.39.2-6) ...
Selecting previously unselected package libxxhash0:arm64.
Preparing to unpack .../libxxhash0_0.8.2-2_arm64.deb ...
Unpacking libxxhash0:arm64 (0.8.2-2) ...
Selecting previously unselected package libzstd1:arm64.
Preparing to unpack .../libzstd1_1.5.5+dfsg2-2_arm64.deb ...
Unpacking libzstd1:arm64 (1.5.5+dfsg2-2) ...
Selecting previously unselected package login.
dpkg: regarding .../login_1%3a4.13+dfsg1-3_arm64.deb containing login, pre-dependency problem:
 login pre-depends on libaudit1 (>= 1:2.2.1)
  libaudit1:arm64 is unpacked, but has never been configured.

dpkg: warning: ignoring pre-dependency problem!
dpkg: regarding .../login_1%3a4.13+dfsg1-3_arm64.deb containing login, pre-dependency problem:
 login pre-depends on libcrypt1 (>= 1:4.1.0)
  libcrypt1:arm64 is unpacked, but has never been configured.

dpkg: warning: ignoring pre-dependency problem!
dpkg: regarding .../login_1%3a4.13+dfsg1-3_arm64.deb containing login, pre-dependency problem:
 login pre-depends on libpam0g (>= 0.99.7.1)
  libpam0g:arm64 is unpacked, but has never been configured.

dpkg: warning: ignoring pre-dependency problem!
dpkg: regarding .../login_1%3a4.13+dfsg1-3_arm64.deb containing login, pre-dependency problem:
 login pre-depends on libpam-runtime
  libpam-runtime is unpacked, but has never been configured.

dpkg: warning: ignoring pre-dependency problem!
dpkg: regarding .../login_1%3a4.13+dfsg1-3_arm64.deb containing login, pre-dependency problem:
 login pre-depends on libpam-modules
  libpam-modules:arm64 is unpacked, but has never been configured.

dpkg: warning: ignoring pre-dependency problem!
Preparing to unpack .../login_1%3a4.13+dfsg1-3_arm64.deb ...
Unpacking login (1:4.13+dfsg1-3) ...
Selecting previously unselected package logsave.
Preparing to unpack .../logsave_1.47.0-2+b1_arm64.deb ...
Unpacking logsave (1.47.0-2+b1) ...
Preparing to unpack .../mawk_1.3.4.20231102-1_arm64.deb ...
Unpacking mawk (1.3.4.20231102-1) over (1.3.4.20231102-1) ...
Selecting previously unselected package mount.
dpkg: regarding .../mount_2.39.2-6_arm64.deb containing mount, pre-dependency problem:
 mount pre-depends on libblkid1 (>= 2.17.2)
  libblkid1:arm64 is unpacked, but has never been configured.

dpkg: warning: ignoring pre-dependency problem!
dpkg: regarding .../mount_2.39.2-6_arm64.deb containing mount, pre-dependency problem:
 mount pre-depends on libmount1 (>= 2.39.1)
  libmount1:arm64 is unpacked, but has never been configured.

dpkg: warning: ignoring pre-dependency problem!
dpkg: regarding .../mount_2.39.2-6_arm64.deb containing mount, pre-dependency problem:
 mount pre-depends on libselinux1 (>= 3.1~)
  libselinux1:arm64 is unpacked, but has never been configured.

dpkg: warning: ignoring pre-dependency problem!
dpkg: regarding .../mount_2.39.2-6_arm64.deb containing mount, pre-dependency problem:
 mount pre-depends on libsmartcols1 (>= 2.33)
  libsmartcols1:arm64 is unpacked, but has never been configured.

dpkg: warning: ignoring pre-dependency problem!
Preparing to unpack .../mount_2.39.2-6_arm64.deb ...
Unpacking mount (2.39.2-6) ...
Selecting previously unselected package ncurses-base.
Preparing to unpack .../ncurses-base_6.4+20231121-1_all.deb ...
Unpacking ncurses-base (6.4+20231121-1) ...
Selecting previously unselected package ncurses-bin.
dpkg: regarding .../ncurses-bin_6.4+20231121-1_arm64.deb containing ncurses-bin, pre-dependency problem:
 ncurses-bin pre-depends on libtinfo6 (>= 6.4+20230603)
  libtinfo6:arm64 is unpacked, but has never been configured.

dpkg: warning: ignoring pre-dependency problem!
Preparing to unpack .../ncurses-bin_6.4+20231121-1_arm64.deb ...
Unpacking ncurses-bin (6.4+20231121-1) ...
Selecting previously unselected package passwd.
Preparing to unpack .../passwd_1%3a4.13+dfsg1-3_arm64.deb ...
Unpacking passwd (1:4.13+dfsg1-3) ...
Selecting previously unselected package perl.
Preparing to unpack .../perl_5.36.0-9_arm64.deb ...
Unpacking perl (5.36.0-9) ...
dpkg: regarding .../perl-base_5.36.0-9_arm64.deb containing perl-base, pre-dependency problem:
 perl-base pre-depends on libcrypt1 (>= 1:4.1.0)
  libcrypt1:arm64 is unpacked, but has never been configured.

dpkg: warning: ignoring pre-dependency problem!
Preparing to unpack .../perl-base_5.36.0-9_arm64.deb ...
Unpacking perl-base (5.36.0-9) over (5.36.0-9) ...
Selecting previously unselected package perl-modules-5.36.
Preparing to unpack .../perl-modules-5.36_5.36.0-9_all.deb ...
Unpacking perl-modules-5.36 (5.36.0-9) ...
Selecting previously unselected package sed.
dpkg: regarding .../archives/sed_4.9-1_arm64.deb containing sed, pre-dependency problem:
 sed pre-depends on libacl1 (>= 2.2.23)
  libacl1:arm64 is unpacked, but has never been configured.

dpkg: warning: ignoring pre-dependency problem!
dpkg: regarding .../archives/sed_4.9-1_arm64.deb containing sed, pre-dependency problem:
 sed pre-depends on libselinux1 (>= 3.1~)
  libselinux1:arm64 is unpacked, but has never been configured.

dpkg: warning: ignoring pre-dependency problem!
Preparing to unpack .../archives/sed_4.9-1_arm64.deb ...
Unpacking sed (4.9-1) ...
Selecting previously unselected package sysvinit-utils.
Preparing to unpack .../sysvinit-utils_3.08-3_arm64.deb ...
Unpacking sysvinit-utils (3.08-3) ...
Selecting previously unselected package tar.
dpkg: regarding .../tar_1.34+dfsg-1.2_arm64.deb containing tar, pre-dependency problem:
 tar pre-depends on libacl1 (>= 2.2.23)
  libacl1:arm64 is unpacked, but has never been configured.

dpkg: warning: ignoring pre-dependency problem!
dpkg: regarding .../tar_1.34+dfsg-1.2_arm64.deb containing tar, pre-dependency problem:
 tar pre-depends on libselinux1 (>= 3.1~)
  libselinux1:arm64 is unpacked, but has never been configured.

dpkg: warning: ignoring pre-dependency problem!
Preparing to unpack .../tar_1.34+dfsg-1.2_arm64.deb ...
Unpacking tar (1.34+dfsg-1.2) ...
Selecting previously unselected package tzdata.
Preparing to unpack .../tzdata_2023c-11_all.deb ...
Unpacking tzdata (2023c-11) ...
Selecting previously unselected package usr-is-merged.
Preparing to unpack .../usr-is-merged_38_all.deb ...
Unpacking usr-is-merged (38) ...
Selecting previously unselected package usrmerge.
Preparing to unpack .../archives/usrmerge_38_all.deb ...
Unpacking usrmerge (38) ...
Selecting previously unselected package util-linux.
dpkg: regarding .../util-linux_2.39.2-6_arm64.deb containing util-linux, pre-dependency problem:
 util-linux pre-depends on libblkid1 (>= 2.37.2)
  libblkid1:arm64 is unpacked, but has never been configured.

dpkg: warning: ignoring pre-dependency problem!
dpkg: regarding .../util-linux_2.39.2-6_arm64.deb containing util-linux, pre-dependency problem:
 util-linux pre-depends on libcap-ng0 (>= 0.7.9)
  libcap-ng0:arm64 is unpacked, but has never been configured.

dpkg: warning: ignoring pre-dependency problem!
dpkg: regarding .../util-linux_2.39.2-6_arm64.deb containing util-linux, pre-dependency problem:
 util-linux pre-depends on libcrypt1 (>= 1:4.1.0)
  libcrypt1:arm64 is unpacked, but has never been configured.

dpkg: warning: ignoring pre-dependency problem!
dpkg: regarding .../util-linux_2.39.2-6_arm64.deb containing util-linux, pre-dependency problem:
 util-linux pre-depends on libmount1 (>= 2.39.1)
  libmount1:arm64 is unpacked, but has never been configured.

dpkg: warning: ignoring pre-dependency problem!
dpkg: regarding .../util-linux_2.39.2-6_arm64.deb containing util-linux, pre-dependency problem:
 util-linux pre-depends on libpam0g (>= 0.99.7.1)
  libpam0g:arm64 is unpacked, but has never been configured.

dpkg: warning: ignoring pre-dependency problem!
dpkg: regarding .../util-linux_2.39.2-6_arm64.deb containing util-linux, pre-dependency problem:
 util-linux pre-depends on libselinux1 (>= 3.1~)
  libselinux1:arm64 is unpacked, but has never been configured.

dpkg: warning: ignoring pre-dependency problem!
dpkg: regarding .../util-linux_2.39.2-6_arm64.deb containing util-linux, pre-dependency problem:
 util-linux pre-depends on libsmartcols1 (>= 2.38)
  libsmartcols1:arm64 is unpacked, but has never been configured.

dpkg: warning: ignoring pre-dependency problem!
dpkg: regarding .../util-linux_2.39.2-6_arm64.deb containing util-linux, pre-dependency problem:
 util-linux pre-depends on libsystemd0
  libsystemd0:arm64 is unpacked, but has never been configured.

dpkg: warning: ignoring pre-dependency problem!
dpkg: regarding .../util-linux_2.39.2-6_arm64.deb containing util-linux, pre-dependency problem:
 util-linux pre-depends on libtinfo6 (>= 6)
  libtinfo6:arm64 is unpacked, but has never been configured.

dpkg: warning: ignoring pre-dependency problem!
dpkg: regarding .../util-linux_2.39.2-6_arm64.deb containing util-linux, pre-dependency problem:
 util-linux pre-depends on libudev1 (>= 183)
  libudev1:arm64 is unpacked, but has never been configured.

dpkg: warning: ignoring pre-dependency problem!
dpkg: regarding .../util-linux_2.39.2-6_arm64.deb containing util-linux, pre-dependency problem:
 util-linux pre-depends on libuuid1 (>= 2.16)
  libuuid1:arm64 is unpacked, but has never been configured.

dpkg: warning: ignoring pre-dependency problem!
dpkg: regarding .../util-linux_2.39.2-6_arm64.deb containing util-linux, pre-dependency problem:
 util-linux pre-depends on zlib1g (>= 1:1.1.4)
  zlib1g is not installed.

dpkg: warning: ignoring pre-dependency problem!
Preparing to unpack .../util-linux_2.39.2-6_arm64.deb ...
Unpacking util-linux (2.39.2-6) ...
Selecting previously unselected package zlib1g:arm64.
Preparing to unpack .../zlib1g_1%3a1.2.13.dfsg-3_arm64.deb ...
Unpacking zlib1g:arm64 (1:1.2.13.dfsg-3) ...
Setting up libtext-glob-perl (0.11-3) ...
Setting up debian-archive-keyring (2023.4) ...
Setting up usr-is-merged (38) ...
Setting up libaudit-common (1:3.1.1-1) ...
Setting up libsemanage-common (3.5-1) ...
Setting up debconf (1.5.82) ...
Setting up libnumber-compare-perl (0.03-3) ...
Setting up tzdata (2023c-11) ...

Current default time zone: 'Etc/UTC'
Local time is now:      Mon Dec  4 09:44:58 UTC 2023.
Universal Time is now:  Mon Dec  4 09:44:58 UTC 2023.
Run 'dpkg-reconfigure tzdata' if you wish to change it.

Setting up ncurses-base (6.4+20231121-1) ...
Setting up gcc-13-base:arm64 (13.2.0-5) ...
Setting up init-system-helpers (1.65.2+kali2) ...
Setting up libgcc-s1:arm64 (13.2.0-5) ...
Setting up libc6:arm64 (2.37-12) ...
Setting up libffi8:arm64 (3.4.4-2) ...
Setting up libmd0:arm64 (1.1.0-1) ...
Setting up libxxhash0:arm64 (0.8.2-2) ...
Setting up libattr1:arm64 (1:2.5.1-4) ...
Setting up sysvinit-utils (3.08-3) ...
Setting up libtasn1-6:arm64 (4.19.0-3) ...
Setting up debianutils (5.14) ...
update-alternatives: using /usr/bin/which.debianutils to provide /usr/bin/which (which) in auto mode
Setting up mawk (1.3.4.20231102-1) ...
Setting up libdebconfclient0:arm64 (0.271) ...
Setting up base-files (1:2023.4.0) ...
Setting up libbz2-1.0:arm64 (1.0.8-5+b1) ...
Setting up libdb5.3:arm64 (5.3.28+dfsg2-4) ...
Setting up libblkid1:arm64 (2.39.2-6) ...
Setting up libstdc++6:arm64 (13.2.0-5) ...
Setting up libgdbm6:arm64 (1.23-5) ...
Setting up libtinfo6:arm64 (6.4+20231121-1) ...
Setting up bash (5.2.21-2) ...
update-alternatives: using /usr/share/man/man7/bash-builtins.7.gz to provide /usr/share/man/man7/builtins.7.gz (builtins.7.gz) in auto mode
Setting up libzstd1:arm64 (1.5.5+dfsg2-2) ...
Setting up liblzma5:arm64 (5.4.5-0.1) ...
Setting up libgpg-error0:arm64 (1.47-3) ...
Setting up liblz4-1:arm64 (1.9.4-1) ...
Setting up libc-bin (2.37-12) ...
Setting up ncurses-bin (6.4+20231121-1) ...
Setting up libacl1:arm64 (2.3.1-3) ...
Setting up libsmartcols1:arm64 (2.39.2-6) ...
Setting up libgcrypt20:arm64 (1.10.2-3) ...
Setting up zlib1g:arm64 (1:1.2.13.dfsg-3) ...
Setting up libcrypt1:arm64 (1:4.4.36-2) ...
Setting up libcom-err2:arm64 (1.47.0-2+b1) ...
Setting up diffutils (1:3.10-1) ...
Setting up libseccomp2:arm64 (2.5.4-2+b1) ...
Setting up libcap2:arm64 (1:2.66-4) ...
Setting up hostname (3.23+nmu1) ...
Setting up libcap-ng0:arm64 (0.8.3-1+b3) ...
Setting up libext2fs2:arm64 (1.47.0-2+b1) ...
Setting up libnettle8:arm64 (3.9.1-2) ...
Setting up libgmp10:arm64 (2:6.3.0+dfsg-2) ...
Setting up libp11-kit0:arm64 (0.25.0-5) ...
Setting up libaudit1:arm64 (1:3.1.1-1) ...
Setting up libunistring5:arm64 (1.1-2) ...
Setting up libuuid1:arm64 (2.39.2-6) ...
Setting up libss2:arm64 (1.47.0-2+b1) ...
Setting up libgdbm-compat4:arm64 (1.23-5) ...
Setting up libsepol2:arm64 (3.5-2) ...
Setting up libpcre2-8-0:arm64 (10.42-4) ...
Setting up logsave (1.47.0-2+b1) ...
Setting up libudev1:arm64 (254.5-1) ...
Setting up gpgv (2.2.40-1.1) ...
Setting up libhogweed6:arm64 (3.9.1-2) ...
Setting up grep (3.11-3) ...
Setting up e2fsprogs (1.47.0-2+b1) ...
Setting up libidn2-0:arm64 (2.3.4-1+b1) ...
Setting up libsystemd0:arm64 (254.5-1) ...
Setting up libselinux1:arm64 (3.5-1+b1) ...
Setting up libgnutls30:arm64 (3.8.1-4+b1) ...
Setting up libpam0g:arm64 (1.5.2-9.1) ...
Setting up libapt-pkg6.0:arm64 (2.7.6) ...
Setting up sed (4.9-1) ...
Setting up findutils (4.9.0-5) ...
Setting up libmount1:arm64 (2.39.2-6) ...
Setting up libsemanage2:arm64 (3.5-1) ...
Setting up base-passwd (3.6.2) ...
Setting up apt (2.7.6) ...
Setting up bsdutils (1:2.39.2-6) ...
Setting up tar (1.34+dfsg-1.2) ...
update-alternatives: using /usr/sbin/rmt-tar to provide /usr/sbin/rmt (rmt) in auto mode
Setting up libpam-modules-bin (1.5.2-9.1) ...
Setting up coreutils (9.1-1) ...
Setting up util-linux (2.39.2-6) ...
update-alternatives: using /bin/more to provide /usr/bin/pager (pager) in auto mode
Setting up dpkg (1.22.1+kali1) ...
Setting up mount (2.39.2-6) ...
Setting up dash (0.5.12-6) ...
Setting up libpam-modules:arm64 (1.5.2-9.1) ...
Setting up perl-base (5.36.0-9) ...
Setting up perl-modules-5.36 (5.36.0-9) ...
Setting up gzip (1.12-1) ...
Setting up passwd (1:4.13+dfsg1-3) ...
Shadow passwords are now on.
Setting up libpam-runtime (1.5.2-9.1) ...
Setting up libperl5.36:arm64 (5.36.0-9) ...
Setting up login (1:4.13+dfsg1-3) ...
Setting up perl (5.36.0-9) ...
Setting up libfile-find-rule-perl (0.34-3) ...
Setting up usrmerge (38) ...
Processing triggers for libc-bin (2.37-12) ...
(Reading database ... 7243 files and directories currently installed.)
Preparing to unpack .../libssl3_3.0.11-1_arm64.deb ...
Unpacking libssl3:arm64 (3.0.11-1) ...
Setting up libssl3:arm64 (3.0.11-1) ...
Processing triggers for libc-bin (2.37-12) ...
(Reading database ... 7255 files and directories currently installed.)
Preparing to unpack .../archives/adduser_3.137_all.deb ...
Unpacking adduser (3.137) ...
Preparing to unpack .../busybox-static_1%3a1.36.1-5_arm64.deb ...
Unpacking busybox-static (1:1.36.1-5) ...
Preparing to unpack .../ca-certificates_20230311_all.deb ...
Unpacking ca-certificates (20230311) ...
Preparing to unpack .../dirmngr_2.2.40-1.1_arm64.deb ...
Unpacking dirmngr (2.2.40-1.1) ...
Preparing to unpack .../dmsetup_2%3a1.02.185-2_arm64.deb ...
Unpacking dmsetup (2:1.02.185-2) ...
Preparing to unpack .../gnupg_2.2.40-1.1_all.deb ...
Unpacking gnupg (2.2.40-1.1) ...
Preparing to unpack .../gnupg-l10n_2.2.40-1.1_all.deb ...
Unpacking gnupg-l10n (2.2.40-1.1) ...
Preparing to unpack .../gnupg-utils_2.2.40-1.1_arm64.deb ...
Unpacking gnupg-utils (2.2.40-1.1) ...
Preparing to unpack .../gpg_2.2.40-1.1_arm64.deb ...
Unpacking gpg (2.2.40-1.1) ...
Preparing to unpack .../gpg-agent_2.2.40-1.1_arm64.deb ...
Unpacking gpg-agent (2.2.40-1.1) ...
Preparing to unpack .../gpg-wks-client_2.2.40-1.1_arm64.deb ...
Unpacking gpg-wks-client (2.2.40-1.1) ...
Preparing to unpack .../gpg-wks-server_2.2.40-1.1_arm64.deb ...
Unpacking gpg-wks-server (2.2.40-1.1) ...
Preparing to unpack .../gpgconf_2.2.40-1.1_arm64.deb ...
Unpacking gpgconf (2.2.40-1.1) ...
Preparing to unpack .../gpgsm_2.2.40-1.1_arm64.deb ...
Unpacking gpgsm (2.2.40-1.1) ...
Preparing to unpack .../libapparmor1_3.0.12-1+b1_arm64.deb ...
Unpacking libapparmor1:arm64 (3.0.12-1+b1) ...
Preparing to unpack .../libargon2-1_0~20190702+dfsg-4_arm64.deb ...
Unpacking libargon2-1:arm64 (0~20190702+dfsg-4) ...
Preparing to unpack .../libassuan0_2.5.6-1_arm64.deb ...
Unpacking libassuan0:arm64 (2.5.6-1) ...
Preparing to unpack .../libcryptsetup12_2%3a2.6.1-5_arm64.deb ...
Unpacking libcryptsetup12:arm64 (2:2.6.1-5) ...
Preparing to unpack .../libdevmapper1.02.1_2%3a1.02.185-2_arm64.deb ...
Unpacking libdevmapper1.02.1:arm64 (2:1.02.185-2) ...
Preparing to unpack .../libfdisk1_2.39.2-6_arm64.deb ...
Unpacking libfdisk1:arm64 (2.39.2-6) ...
Preparing to unpack .../libip4tc2_1.8.9-2_arm64.deb ...
Unpacking libip4tc2:arm64 (1.8.9-2) ...
Preparing to unpack .../libjson-c5_0.17-1_arm64.deb ...
Unpacking libjson-c5:arm64 (0.17-1) ...
Preparing to unpack .../libkmod2_30+20230601-2_arm64.deb ...
Unpacking libkmod2:arm64 (30+20230601-2) ...
Preparing to unpack .../libksba8_1.6.4-2_arm64.deb ...
Unpacking libksba8:arm64 (1.6.4-2) ...
Preparing to unpack .../libldap-2.5-0_2.5.13+dfsg-5_arm64.deb ...
Unpacking libldap-2.5-0:arm64 (2.5.13+dfsg-5) ...
Preparing to unpack .../libncursesw6_6.4+20231121-1_arm64.deb ...
Unpacking libncursesw6:arm64 (6.4+20231121-1) ...
Preparing to unpack .../libnpth0_1.6-3_arm64.deb ...
Unpacking libnpth0:arm64 (1.6-3) ...
Preparing to unpack .../libpsl5_0.21.2-1+b1_arm64.deb ...
Unpacking libpsl5:arm64 (0.21.2-1+b1) ...
Preparing to unpack .../libreadline8_8.2-1.3_arm64.deb ...
Unpacking libreadline8:arm64 (8.2-1.3) ...
Preparing to unpack .../libsasl2-2_2.1.28+dfsg1-4_arm64.deb ...
Unpacking libsasl2-2:arm64 (2.1.28+dfsg1-4) ...
Preparing to unpack .../libsasl2-modules-db_2.1.28+dfsg1-4_arm64.deb ...
Unpacking libsasl2-modules-db:arm64 (2.1.28+dfsg1-4) ...
Preparing to unpack .../libsqlite3-0_3.44.0-1_arm64.deb ...
Unpacking libsqlite3-0:arm64 (3.44.0-1) ...
Preparing to unpack .../libsystemd-shared_254.5-1_arm64.deb ...
Unpacking libsystemd-shared:arm64 (254.5-1) ...
Preparing to unpack .../archives/lsb-base_11.6_all.deb ...
Unpacking lsb-base (11.6) ...
Preparing to unpack .../openssl_3.0.11-1_arm64.deb ...
Unpacking openssl (3.0.11-1) ...
Preparing to unpack .../pinentry-curses_1.2.1-3_arm64.deb ...
Unpacking pinentry-curses (1.2.1-3) ...
Preparing to unpack .../readline-common_8.2-1.3_all.deb ...
Unpacking readline-common (8.2-1.3) ...
Preparing to unpack .../systemd_254.5-1_arm64.deb ...
Unpacking systemd (254.5-1) ...
Preparing to unpack .../systemd-dev_254.5-1_all.deb ...
Unpacking systemd-dev (254.5-1) ...
Preparing to unpack .../wget_1.21.4-1_arm64.deb ...
Unpacking wget (1.21.4-1) ...
Processing triggers for libc-bin (2.37-12) ...
Setting up libip4tc2:arm64 (1.8.9-2) ...
Setting up libksba8:arm64 (1.6.4-2) ...
Setting up lsb-base (11.6) ...
Setting up adduser (3.137) ...
Setting up libapparmor1:arm64 (3.0.12-1+b1) ...
Setting up libpsl5:arm64 (0.21.2-1+b1) ...
Setting up wget (1.21.4-1) ...
Setting up libargon2-1:arm64 (0~20190702+dfsg-4) ...
Setting up libsqlite3-0:arm64 (3.44.0-1) ...
Setting up libnpth0:arm64 (1.6-3) ...
Setting up systemd-dev (254.5-1) ...
Setting up libassuan0:arm64 (2.5.6-1) ...
Setting up libsasl2-modules-db:arm64 (2.1.28+dfsg1-4) ...
Setting up busybox-static (1:1.36.1-5) ...
Setting up gnupg-l10n (2.2.40-1.1) ...
Setting up libncursesw6:arm64 (6.4+20231121-1) ...
Setting up libsasl2-2:arm64 (2.1.28+dfsg1-4) ...
Setting up libfdisk1:arm64 (2.39.2-6) ...
Setting up openssl (3.0.11-1) ...
Setting up libjson-c5:arm64 (0.17-1) ...
Setting up readline-common (8.2-1.3) ...
Setting up libkmod2:arm64 (30+20230601-2) ...
Setting up pinentry-curses (1.2.1-3) ...
Setting up libreadline8:arm64 (8.2-1.3) ...
Setting up libldap-2.5-0:arm64 (2.5.13+dfsg-5) ...
Setting up ca-certificates (20230311) ...
Updating certificates in /etc/ssl/certs...
140 added, 0 removed; done.
Setting up libsystemd-shared:arm64 (254.5-1) ...
Setting up gpgconf (2.2.40-1.1) ...
Setting up gpg (2.2.40-1.1) ...
Setting up gnupg-utils (2.2.40-1.1) ...
Setting up gpg-agent (2.2.40-1.1) ...
Created symlink /etc/systemd/user/sockets.target.wants/gpg-agent-browser.socket -> /usr/lib/systemd/user/gpg-agent-browser.socket.
Created symlink /etc/systemd/user/sockets.target.wants/gpg-agent-extra.socket -> /usr/lib/systemd/user/gpg-agent-extra.socket.
Created symlink /etc/systemd/user/sockets.target.wants/gpg-agent-ssh.socket -> /usr/lib/systemd/user/gpg-agent-ssh.socket.
Created symlink /etc/systemd/user/sockets.target.wants/gpg-agent.socket -> /usr/lib/systemd/user/gpg-agent.socket.
Setting up gpgsm (2.2.40-1.1) ...
Setting up dirmngr (2.2.40-1.1) ...
Created symlink /etc/systemd/user/sockets.target.wants/dirmngr.socket -> /usr/lib/systemd/user/dirmngr.socket.
Setting up gpg-wks-server (2.2.40-1.1) ...
Setting up gpg-wks-client (2.2.40-1.1) ...
Setting up gnupg (2.2.40-1.1) ...
Setting up libdevmapper1.02.1:arm64 (2:1.02.185-2) ...
Setting up dmsetup (2:1.02.185-2) ...
Setting up libcryptsetup12:arm64 (2:2.6.1-5) ...
Setting up systemd (254.5-1) ...
Created symlink /etc/systemd/system/getty.target.wants/getty@tty1.service -> /lib/systemd/system/getty@.service.
Created symlink /etc/systemd/system/multi-user.target.wants/remote-fs.target -> /lib/systemd/system/remote-fs.target.
Created symlink /etc/systemd/system/sysinit.target.wants/systemd-pstore.service -> /lib/systemd/system/systemd-pstore.service.
Initializing machine ID from random generator.
Creating group 'systemd-journal' with GID 999.
Creating group 'systemd-network' with GID 998.
Creating user 'systemd-network' (systemd Network Management) with UID 998 and GID 998.
Processing triggers for libc-bin (2.37-12) ...
Processing triggers for ca-certificates (20230311) ...
Updating certificates in /etc/ssl/certs...
0 added, 0 removed; done.
Running hooks in /etc/ca-certificates/update.d...
done.
